[    0.00000] italizing cgroup subsys cset
[    0.000000] Initializing cgroup subsys cpu
[    0.000000] Initializing cgroup subsys cpuacct
[    0.000000]Linux vesi 4.4.-124-gnec builddlc1-md6402 (cc vesi 54.0 2016060 (unu 5.4.0-6butu1~1604.9) ) #148-Ubuntu SMP Wed May 2 13:00:18 UTC 2018 (Ubuntu 4.4.0-124.148-generic 4.4.117)
[    0.000000] Command ne: BOOT_IMAGE=/boot/vmlinuz-4.4.0-124generic otLABELclloudimg-rootfs ro console=tty1 console=ttyS0
[    0.000000] KERNEL supported cpus:
[    0.000000]   Intel GenuineIntel
[    0.000000]   AMD AuthenticAMD
[    0.000000]   Centaur CentaurHaus    .0000] x86/fpu: xstate_offset[2]:  576, xstate_sizes[2]:  256
[    0.000000] x86/fpu Supporting XSAVE feature 0x01: 'x87 floatngpont registers'
[    0.000 x86/fpu Sportig XSVEfeaur 0x0: SEregier
[   0000] x8fp SupportinXSE feature 0x04:AVX registers'
[    0.000000] x86/fpu: Enabled xstate features 0x7, context size is 832 bytes, using 'standard' format.
[    0.000000] x86/fpu: Using 'lazy' FPU context switches.
[    0.000000] e820: BIOS-provided physical RAM map:
[    0.000000] BIOS-e820: [mem 0x0000000000000000-0x000000000009fbff] usable
[    0.000000] BIOS-e820: [mem 0x000000000009fc00-0x000000000009ffff] reserved
[    0.000000] BIOS-e820: [mem 0x00000000000f0000-0x00000000000fffff] reserved
[    0.000000] BIOS-e820: [mem 0x0000000000100000-0x000000001ffeffff] usable
[    0.000000] BIOS-e820: [mem 0x000000001fff0000-0x00000001ffff] ACPIdata
    0.0000] BIOS-e820: [mem 0x0000000ec00000-0x00000000fec00ff]eserved
[  000000]BI-e20: [memx000000fee0000-0x00000000fee00fff] reserved
[  0.000000] BIOS-e820: [mem 0x00000000fffc0000-0x00000000ffffffff] reserved
[    0.000000] NX (Execute Disable) protetion: active
[    0.000000] SMBIOS 2.5 present.
[    0.000000] Hypervisor detected: KVM
[    0.000000] e820: last_pfn = 0x1fff0 max_arch_pfn = 0x40000000
[    0.000000] MTRR: Disabled
[    0.000000] x86/PAT: MTRRs disabled, skipping PAT initialization too.
[    0.000000] CPU MTRRs all blank - virtualized system.
[    0.000000] x86PAT: Cofiguratio [7]: WB  WT UCUC W    C- UC 
[  0000000] ound P P-talet mem x09ff0-0x09ff] mappd  [fff80009ff0]
[   .0000] Scanning  aasfor owemry cruio
[   00000] MDK:[mem 01e200-0x1ff9f]
[   .0000] ACPI: Early table checksum verfication disabled
[    0.000000] ACPI: RSDP 0x00000000000E0000 000024 (v02 VBOX  )
[    0.000000] ACPI: XSDT 0x000000001FFF0030 00003C (v01 VBOX   VBOXXSDT 00000001 ASL  00000061)
[    0.000000] ACPI: FACP 0x000000001FFF00F0 0000F4 (v04 VBOX   VBOXFACP 00000001 AS  00000061)
[    0.00000] ACPI: DSDT 0x000000001FFF0470 0021FF (v02 VBOX   VBOXBIOS 00000002 INTL 20100528)
[    0.000000] ACPI: FACS 0x000000001FFF0200 000040
[    0.000000] ACPI: FACS 0x000000001FFF0200 000040    .000000] API: APC 0x000001FF0240 000 (02 VOX VBOXPIC 0000 ASL  00000061)
[   00000] ACPI ST 0x00000001FFF020 01C (v01 VB   VBOPUT 0002 NTL 201008)
[    0.000 No NUMA configuriofound[  0.000] akin aod at [m 00000000000-0x000000001ffeffff]
[    0.000000] NODE_DATA(0) alocated [mem 0x1ffeb000-0x1ffeffff]
[    0.000000] kv-clock: Using msrs 4b564d01 and 4b564d00
[    0.000000] kvm-clock: cpu 0, msr 0:1ffe3001, primary cpu clock
[    0.000000] kvm-lock: using sched offset of 5044542281 cycles
[    0.000000] clocksource: kvm-clock: mak:xffffffffffff ax_ccl: 0x1cd42e4dff, ma_idl_n 881595983ns
  0.00000 Zone ranges:
  0.00000]   DMA      [memx0000000010-x0000000ffffff][   0.000]  DMA32    [mem 0x000000100000x0000001ffff]
[   0.000]   Norma  mpy
[   00000]  vie   empty
[    0000] Movable zone start for each node
    0.00000] Early memory node ranges
[    0.000000]   node   0: [em 0x0000000000001000-0x000000000009efff]
[    0.000000]   node   0: [mem 0x0000000000100000-0x000000001ffeffff]
[    0.000000] Initmem setup node 0 [mem 0x0000000000001000-0000001ffefff][    0.000000] ACPI:PM-Timer I Prt: 0x4008
[    0.000000] IOAPIC[0]: apic_id 2, version 32, address 0xfec00000, GSI 0-23
[    0.000000 AC: INSRC_OVR (bus 0 bus_irq 0 global_irq 2 dfl dfl)
[    0.000000]CPI: INT_SRC_OVR (bus 0 bus_irq 9 global_irq 9 low level)
[    0.0000] Using ACPI (MADT) for SMP configuration information
[    0.000000] smpboot: Allowing 2 CPUs, 0 hotplug CPUs
[    0.000000] PM: Registered nosave memory: [mem 0x00000000-0x00000fff]
[    0.000000] PM: Registered nosave memory: [mem 0x0009f000-0x0009ffff]
[    0.000000] PM: Registered nosave memory: [mem 0x000a0000-0x000effff]
[    0.000000] PM: Registered nosave memory: [mem 0x000f0000-0x000fffff]
[    0.000000] e820: [mem 0x20000000-0xfebfffff] available for PCI devices
[    0.000000] Booting paravirtualized kernel on KVM
[    0.000000] clocksource: refined-jiffies: mask: 0xffffffff max_cycles: 0xffffffff, max_idle_ns: 7645519600211568 ns
[    0.000000] setp_perc: NR_CPUS:512 nr_cpumk_bits:512 nr_cpu_ids:2 nr_noe_ds:1
[    0.0000] PERCPU: Embedded 34 pages/cpu @ffff801fc00000 s99544 r8192 d31528 u1048576
[    0.000000] PV qspinlock hash table entries: 256 (order: 0, 4096 bes)
[    0.0000] Built 1 zonelists in Node order, mobility grouping on.  Total pages: 128888
[    0.000000] Policy zone: DMA32
[    0.000000] Kernel command line: BOOT_IMAGE=/boot/vmlinuz-4.4.0-124-generic root=LABEL=cloudimg-rootfs ro console=tty1 consolettyS0
[    0.000000] PID hash table entries: 2048 (order: 2, 1384 bytes)
[    0.000000] Memory: 485532K/523832K available (8532K kernel code, 1313K rwdata, 3996K rodata, 1508K init, 1316K bss, 38300K reserved, 0K cma-reserved)
[    0.000000] SLUB: HWalign=64, Order=0-3, MinObjects=0, CPUs=2, Nodes=1
[    0.000000] Kernel/User page tables isolaton: enabled
[    0.000000] Hierarccal RCU implemntation.
[   0.000000] 	Build-time adjustment of laf fanout to 64.
[    0.000000] 	RCU restricting CPs from NR_CPUS=512to nr_cpu_ids=2.
[    0.000000] RCU: Adjustin geometry for rcu_fanout_leaf=64, nr_cpu_ids=2
[    0.000000] NR_IRQS:33024 nr_irqs:440 16
[    0.000000] Console: colour VGA+ 80x25
[    0.000000] console [tty1] enabled
[    0.000000] console [ttyS0] enabled
[    0.000000] tsc: Detected 2904.000 MHz processor
[    5.733299] Calibrating delay loop (skipped) preset value.. 5808.00 BogoMIPS (lpj=11616000)
[    5.760091] pid_max: default: 32768 minimum: 301
[    5.761233] ACPI: Core revision 20150930
[    5.762908] ACPI: 2 ACPI AML tables successfully acquired and loaded
[    5.764485] Security Framework initialized
[    5.765443] Yama: becoming mindful.
[    5.766298] AppArmor: AppArmor initialized
[    5.772838] Dentry cache hash table entries: 65536 (order: 7, 524288 bytes)
[    5.784195] Inode-cache hash table entries: 32768 (order: 6, 262144 bytes)
[    5.785695] Mount-cache hash table entries: 1024 (order: 1, 8192 bytes)
[    5.792516] Mountpoint-cache hash table entries: 1024 (order: 1, 8192 bytes)
[    5.794156] Initializing cgroup subsys io
[    5.795149] Initializing cgroup subsys memory
[    5.796142] Initializing cgroup subsys devices
[    5.808104] Initializing cgroup subsys freezer
[    5.809212] Initializing cgroup subsys net_cls
[    5.811687] Initializing cgroup subsys perf_event
[    5.812798] Initializing cgroup subsys net_prio
[    5.813896] Initializing cgroup subsys hugetlb
[    5.815136] Initializing cgroup subsys pids
[    5.816536] CPU: Physical Processor ID: 0
[    5.817542] CPU: Processor Core ID: 0
[    5.818558] FEATURE SPEC_CTRL Not Present
[    5.820880] mce: CPU supports 0 MCE banks
[    5.821963] Last level iTLB entries: 4KB 64, 2MB 8, 4MB 8
[    5.823320] Last level dTLB entries: 4KB 64, 2MB 0, 4MB 0, 1GB 4
[    5.824795] Spectre V2 mitigation: Mitigation: Full generic retpoline
[    5.826204] Spectre V2 mitigation: Speculation control IBPB not-supported IBRS not-supported
[    5.828050] Spectre V2 mitigation: Filling RSB on context switch
[    5.853122] Freeing SMP alternatives memory: 32K
[    5.862528] ftrace: allocating 32202 entries in 126 pages
[    5.918316] smpboot: APIC(0) Converting physical 0 to logical package 0
[    5.967913] smpboot: Max logical packages: 1
[    5.975078] x2apic enabled
[    5.976211] Switched APIC routing to physical x2apic.
[    5.992934] ..TIMER: vector=0x30 apic1=0 pin1=2 apic2=-1 pin2=-1
[    6.099763] smpboot: CPU0: Intel(R) Core(TM) i7-7820HQ CPU @ 2.90GHz (family: 0x6, model: 0x9e, stepping: 0x9)
[    6.104679] Performance Events: unsupported p6 CPU model 158 no PMU driver, software events only.
[    6.107963] KVM setup paravirtual spinlock
[    6.110302] x86: Booting SMP configuration:
[    6.112109] .... node  #0, CPUs:      #1
[    6.116501] kvm-clock: cpu 1, msr 0:1ffe3041, secondary cpu clock
[    6.119555] mce: CPU supports 0 MCE banks
[    6.122892] x86: Booted up 1 node, 2 CPUs
[    6.126104] smpboot: Total of 2 processors activated (11616.00 BogoMIPS)
[    6.131343] devtmpfs: initialized
[    6.141536] evm: security.selinux
[    6.149943] evm: security.SMACK64
[    6.151579] evm: security.SMACK64EXEC
[    6.161416] evm: security.SMACK64TRANSMUTE
[    6.162638] evm: security.SMACK64MMAP
[    6.163743] evm: security.ima
[    6.164714] evm: security.capability
[    6.166030] clocksource: jiffies: mask: 0xffffffff max_cycles: 0xffffffff, max_idle_ns: 7645041785100000 ns
[    6.170077] futex hash table entries: 512 (order: 3, 32768 bytes)
[    6.173123] pinctrl core: initialized pinctrl subsystem
[    6.174803] RTC time:  0:09:28, date: 05/21/18
[    6.177498] NET: Registered protocol family 16
[    6.188690] cpuidle: using governor ladder
[    6.201415] cpuidle: using governor menu
[    6.240923] PCCT header not found.
[    6.277996] ACPI: bus type PCI registered
[    6.326880] acpiphp: ACPI Hot Plug PCI Controller Driver version: 0.5
[    6.378749] PCI: Using configuration type 1 for base access
[    6.481965] ACPI: Added _OSI(Module Device)
[    6.539632] ACPI: Added _OSI(Processor Device)
[    6.574752] ACPI: Added _OSI(3.0 _SCP Extensions)
[    6.581320] ACPI: Added _OSI(Processor Aggregator Device)
[    6.584666] ACPI: Executed 1 blocks of module-level executable AML code
[    6.588224] ACPI: Interpreter enabled
[    6.589324] ACPI: (supports S0 S5)
[    6.590276] ACPI: Using IOAPIC for interrupt routing
[    6.591684] PCI: Using host bridge windows from ACPI; if necessary, use "pci=nocrs" and report a bug
[    6.598289] ACPI: PCI Root Bridge [PCI0] (domain 0000 [bus 00-ff])
[    6.599984] acpi PNP0A03:00: _OSC: OS supports [ASPM ClockPM Segments MSI]
[    6.601799] acpi PNP0A03:00: _OSC: not requesting OS control; OS requires [ExtendedConfig ASPM ClockPM MSI]
[    6.604287] acpi PNP0A03:00: fail to add MMCONFIG information, can't access extended PCI configuration space under this bridge.
[    6.607290] PCI host bridge to bus 0000:00
[    6.608348] pci_bus 0000:00: root bus resource [io  0x0000-0x0cf7 window]
[    6.613451] pci_bus 0000:00: root bus resource [io  0x0d00-0xffff window]
[    6.615034] pci_bus 0000:00: root bus resource [mem 0x000a0000-0x000bffff window]
[    6.617002] pci_bus 0000:00: root bus resource [mem 0x20000000-0xfdffffff window]
[    6.618965] pci_bus 0000:00: root bus resource [bus 00-ff]
[    6.624010] pci 0000:00:01.1: legacy IDE quirk: reg 0x10: [io  0x01f0-0x01f7]
[    6.637970] pci 0000:00:01.1: legacy IDE quirk: reg 0x14: [io  0x03f6]
[    6.647727] pci 0000:00:01.1: legacy IDE quirk: reg 0x18: [io  0x0170-0x0177]
[    6.649296] pci 0000:00:01.1: legacy IDE quirk: reg 0x1c: [io  0x0376]
[    6.674585] pci 0000:00:07.0: quirk: [io  0x4000-0x403f] claimed by PIIX4 ACPI
[    6.678568] pci 0000:00:07.0: quirk: [io  0x4100-0x410f] claimed by PIIX4 SMB
[    6.686564] ACPI: PCI Interrupt Link [LNKA] (IRQs 5 9 10 *11)
[    6.688604] ACPI: PCI Interrupt Link [LNKB] (IRQs 5 9 *10 11)
[    6.690394] ACPI: PCI Interrupt Link [LNKC] (IRQs 5 *9 10 11)
[    6.699374] ACPI: PCI Interrupt Link [LNKD] (IRQs 5 9 10 *11)
[    6.711061] ACPI: Enabled 2 GPEs in block 00 to 07
[    6.719159] vgaarb: setting as boot device: PCI:0000:00:02.0
[    6.720432] vgaarb: device added: PCI:0000:00:02.0,decodes=io+mem,owns=io+mem,locks=none
[    6.722299] vgaarb: loaded
[    6.723011] vgaarb: bridge control possible 0000:00:02.0
[    6.724400] SCSI subsystem initialized
[    6.738734] ACPI: bus type USB registered
[    6.740040] usbcore: registered new interface driver usbfs
[    6.741270] usbcore: registered new interface driver hub
[    6.742537] usbcore: registered new device driver usb
[    6.743898] PCI: Using ACPI for IRQ routing
[    6.750279] NetLabel: Initializing
[    6.751125] NetLabel:  domain hash size = 128
[    6.752135] NetLabel:  protocols = UNLABELED CIPSOv4
[    6.753284] NetLabel:  unlabeled traffic allowed by default
[    6.754776] amd_nb: Cannot enumerate AMD northbridges
[    6.757493] clocksource: Switched to clocksource kvm-clock
[    6.765777] AppArmor: AppArmor Filesystem Enabled
[    6.772627] pnp: PnP ACPI init
[    6.77444]np: PnP ACPI: found 3 devices

[    6.854475] clocksource: acpi_pm: mask: 0xffffff max_cycles: 0xffffff, max_idle_ns: 2085701024 ns
[    6.856582] NET: Registered protocol family 2
[    6.857826] TCP established hash table entries: 4096 (order: 3, 32768 bytes)
[    6.865233] TCP bind hash table entries: 4096 (order: 4, 65536 bytes)
[    6.867065] TCP: Hash tables configured (established 4096 bind 4096)
[    6.868770] UDP hash table entries: 256 (order: 1, 8192 bytes)
[    6.870168] UDP-Lite hash table entries: 256 (order: 1, 8192 bytes)
[    6.871854] NET: Registered protocol family 1
[    6.873070] pci 0000:00:00.0: Limiting direct PCI/PCI transfers
[    6.874728] pci 0000:00:01.0: Activating ISA DMA hang workarounds
[    6.877913] Unpacking initramfs...
[    8.410564] Freei initrd memory: 10912K

[    8.461702] platform rtc_cmos: registered platform RTC device (no PNP device found)
[    8.463794] Scanning for low memory corruption every 60 seconds
[    8.466068] audit: initializing netlink subsys (disabled)
[    8.467735] audit: type=2000 audit(1526861370.371:1): initialized
[    8.469794] Initialise system trusted keyring
[    8.471081] HugeTLB registered 2 MB page size, pre-allocated 0 pages
[    8.476745] zbud: loaded
[    8.478723] VFS: Disk quotas dquot_6.6.0
[    8.480671] VFS: Dquot-cache hash table entries: 512 (order 0, 4096 bytes)
[    8.484452] squashfs: version 4.0 (2009/01/31) Phillip Lougher
[    8.487456] fuse init (API version 7.23)
[    8.489448] Key type big_key registered
[    8.491046] Allocating IMA MOK and blacklist keyrings.
[    8.496148] Key type asymmetric registered
[    8.498284] Asymmetric key parser 'x509' registered
[    8.505804] Block layer SCSI generic (bsg) driver version 0.4 loaded (major 249)
[    8.509182] io scheduler noop registered
[    8.530385] io scheduler deadline registered (default)
[    8.531675] io scheduler cfq registered
[    8.545430] pci_hotplu: I t ugCIorversin: 5
[  8482]pchp: PCI ExpessHoPl Ctroller Driver version: 0.4
[    9.331446] ACPI: AC Adapter [AC] (on-line)
[    9.332799] input: Power Button as /devices/LNXSYSTM:00/LNXPWRBN:00/input/input0
[   9.334957] ACPI: Power Button [PWRF]

[    9.357943] input: Sleep Button as /devices/LNXSYSTM:00/LNXSLPBN:00/input/input1
[    9.360472] ACPI: Sleep Button [SLPF]
[    9.361794] GHES: HEST is not enabled!
[    9.362942] ACPI: Battery Slot [BAT0] (battery present)
[    9.364656] Serial: 8250/16550 driver, 32 ports, IRQ sharing enabled
[   390218]00:02: ttyS0 at I/O 0x3f8 (irq = 4, base_au= 52)  a6550A
[    9.752627] tsc: RefiedSClocksource calibration: 2902.518 MHz

[    9.867998] clocksource: tsc: mask: 0xffffffffffffffff max_cycles: 0x29d68d9bea5, max_idle_ns: 440795214477 ns
[    9.869667] Linux agpgart interface v0.103
[    9.873556] loop: module loaded
[    9.874192] scsi host0: ata_piix
[    9.874273] scsi host1: ata_piix
[    9.874306] ata1: PATA max UDMA/33 cmd 0x1f0 ctl 0x3f6 bmdma 0xd000 irq 14
[    9.874307] ata2: PATA max UDMA/33 cmd 0x170 ctl 0x376 bmdma 0xd008 irq 15
[    9.874385] libphy: Fixed MDIO Bus: probed
[    9.874406] tun: Universal TUN/TAP device driver, 1.6
[    9.874407] tun: (C) 1999-2004 Max Krasnyansky <maxk@qualcomm.com>
[    9.874833] PPP generic driver version 2.4.2
[    9.874899] ehci_hcd: USB 2.0 'Enhanced' Host Controller (EHCI) Driver
[    9.874903] ehci-pci: EHCI PCI platform driver
[    9.874918] ehci-platform: EHCI generic platform driver
[    9.874927] ohci_hcd: USB 1.1 'Open' Host Controller (OHCI) Driver
[    9.874931] ohci-pci: OHCI PCI platform driver
[    9.874941] ohci-platform: OHCI generic platform driver
[    9.874949] uhci_hcd: USB Universal Host Controller Interface driver
[    9.875004] i8042: PNP: PS/2 Controller [PNP0303:PS2K,PNP0f03:PS2M] at 0x60,0x64 irq 1,12
[    9.876565] serio: i8042 KBD port at 0x60,0x64 irq 1
[    9.876569] serio: i8042 AUX port at 0x60,0x64 irq 12
[    9.876696] mousedev: PS/2 mouse device common for all mice
[    9.877089] rtc_cmos rtc_cmos: rtc core: registered rtc_cmos as rtc0
[    9.877139] rtc_cmos rtc_cmos: alarms up to one day, 114 bytes nvram
[    9.877147] i2c /dev entries driver
[    9.877199] device-mapper: uevent: version 1.0.3
[    9.877249] device-mapper: ioctl: 4.34.0-ioctl (2015-10-28) initialised: dm-devel@redhat.com
[    9.877261] ledtrig-cpu: registered to indicate activity on CPUs
[    9.877552] NET: Registered protocol family 10
[    9.877757] NET: Registered protocol family 17
[    9.877765] Key type dns_resolver registered
[    9.878035] registered taskstats version 1
[    9.878052] Loading compiled-in X.509 certificates
[    9.878662] Loaded X.509 cert 'Build time autogenerated kernel key: 97a7db5071cab428e7f67f96f51ed8d32b3fc527'
[    9.878679] zswap: loaded using pool lzo/zbud
[    9.880091] Key type trusted registered
[    9.882338] Key type encrypted registered
[    9.882342] AppArmor: AppArmor sha1 policy hashing enabled
[    9.882345] ima: No TPM chip found, activating TPM-bypass!
[    9.882360] evm: HMAC attrs: 0x1
[    9.882852]   Magic number: 2:185:153
[    9.883444] rtc_cmos rtc_cmos: setting system clock to 2018-05-21 00:09:31 UTC (1526861371)
[    9.883597] BIOS EDD facility v0.16 2004-Jun-25, 0 devices found
[    9.883597] EDD information not available.
[    9.891068] input: AT Translated Set 2 keyboard as /devices/platform/i8042/serio0/input/input2
[   10.031251] Freeing unused kernel memory: 1508K
[   10.124718] Write protecting the kernel read-only data: 14336k
[   10.186939] Freeing unused kernel memory: 1696K
[   10.303765] Freeing unused kernel memory: 100K
Loading, please wait...
[   10.449158] random: systemd-udevd: uninitialized urandom read (16 bytes read, 3 bits of entropy available)
starting version 229
[   10.449891] random: udevadm: uninitialized urandom read (16 bytes read, 3 bits of entropy available)
[   10.449911] random: udevadm: uninitialized urandom read (16 bytes read, 3 bits of entropy available)
[   10.455964] random: udevadm: uninitialized urandom read (16 bytes read, 3 bits of entropy available)
[   10.455994] random: udevadm: uninitialized urandom read (16 bytes read, 3 bits of entropy available)
[   10.456092] random: udevadm: uninitialized urandom read (16 bytes read, 3 bits of entropy available)
[   10.456127] random: udevadm: uninitialized urandom read (16 bytes read, 3 bits of entropy available)
[   10.456165] random: udevadm: uninitialized urandom read (16 bytes read, 3 bits of entropy available)
[   10.456200] random: udevadm: uninitialized urandom read (16 bytes read, 3 bits of entropy available)
[   10.456234] random: udevadm: uninitialized urandom read (16 bytes read, 3 bits of entropy available)
[   10.627248] e1000: Intel(R) PRO/1000 Network Driver - version 7.3.21-k8-NAPI
[   10.632480] e1000: Copyright (c) 1999-2006 Intel Corporation.
[   10.639976] Fusion MPT base driver 3.04.20
[   10.641457] Copyright (c) 1999-2008 LSI Corporation
[   10.653341] AVX2 version of gcm_enc/dec engaged.
[   10.654941] AES CTR mode by8 optimization enabled
[   10.657027] Fusion MPT SPI Host driver 3.04.20
[   10.834672] input: ImExPS/2 Generic Explorer Mouse as /devices/platform/i8042/serio1/input/input4
[   11.081948] e1000 0000:00:03.0 eth0: (PCI:33MHz:32-bit) 02:ee:24:bb:8a:f6
[   11.113711] e1000 0000:00:03.0 eth0: Intel(R) PRO/1000 Network Connection
[   11.118887] mptbase: ioc0: Initiating bringup
[   11.198984] ioc0: LSI53C1030 A0: Capabilities={Initiator}
[   11.429753] scsi host2: ioc0: LSI53C1030 A0, FwRev=00000000h, Ports=1, MaxQ=256, IRQ=20
[   11.601938] scsi 2:0:0:0: Direct-Access     VBOX     HARDDISK         1.0  PQ: 0 ANSI: 5
[   11.644297] scsi target2:0:0: Beginning Domain Validation
[   11.653181] scsi target2:0:0: Domain Validation skipping write tests
[   11.679794] scsi target2:0:0: Ending Domain Validation
[   11.683074] scsi target2:0:0: asynchronous
[   11.686750] scsi 2:0:1:0: Direct-Access     VBOX     HARDDISK         1.0  PQ: 0 ANSI: 5
[   11.691855] scsi target2:0:1: Beginning Domain Validation
[   11.701152] scsi target2:0:1: Domain Validation skipping write tests
[   11.709845] scsi target2:0:1: Ending Domain Validation
[   11.722913] scsi target2:0:1: asynchronous
[   11.750638] sd 2:0:0:0: Attached scsi generic sg0 type 0
[   11.835041] sd 2:0:0:0: [sda] 20971520 512-byte logical blocks: (10.7 GB/10.0 GiB)
[   11.932355] sd 2:0:1:0: Attached scsi generic sg1 type 0
[   11.958225] sd 2:0:0:0: [sda] Write Protect is off
[   11.963099] sd 2:0:0:0: [sda] Incomplete mode parameter data
[   11.963100] sd 2:0:0:0: [sda] Assuming drive cache: write through
[   12.009787] sd 2:0:1:0: [sdb] 20480 512-byte logical blocks: (10.5 MB/10.0 MiB)
[   12.010087] sd 2:0:1:0: [sdb] Write Protect is off
[   12.014768] sd 2:0:1:0: [sdb] Incomplete mode parameter data
[   12.014769] sd 2:0:1:0: [sdb] Assuming drive cache: write through
[   12.015997]  sda: sda1
[   12.016736] sd 2:0:0:0: [sda] Attached SCSI disk
[   12.016804] sd 2:0:1:0: [sdb] Attached SCSI disk
[   12.054592] e1000 0000:00:08.0 eth1: (PCI:33MHz:32-bit) 08:00:27:ef:20:38
[   12.054593] e1000 0000:00:08.0 eth1: Intel(R) PRO/1000 Network Connection
[   12.073669] e1000 0000:00:08.0 enp0s8: renamed from eth1
[   12.106199] e1000 0000:00:03.0 enp0s3: renamed from eth0
Begin: Loading essential drivers ... [   13.393598] md: linear personality registered for level -1
[   13.404603] md: multipath personality registered for level -4
[   13.417365] md: raid0 personality registered for level 0
[   13.442590] md: raid1 personality registered for level 1
[   13.562050] raid6: sse2x1   gen()  9843 MB/s
[   13.629729] raid6: sse2x1   xor()  8561 MB/s
[   13.749521] raid6: sse2x2   gen() 12617 MB/s
[   13.877738] raid6: sse2x2   xor()  9305 MB/s
[   13.962054] raid6: sse2x4   gen() 12531 MB/s
[   14.066105] raid6: sse2x4   xor() 10721 MB/s
[   14.177752] raid6: avx2x1   gen() 21491 MB/s
[   14.281677] raid6: avx2x2   gen() 23427 MB/s
[   14.394156] raid6: avx2x4   gen() 28541 MB/s
[   14.418612] raid6: using algorithm avx2x4 gen() 28541 MB/s
[   14.422919] raid6: using avx2x2 recovery algorithm
[   14.431118] xor: automatically using best checksumming function:
[   14.469692]    avx       : 20660.000 MB/sec
[   14.496958] async_tx: api initialized (async)
[   14.567131] md: raid6 personality registered for level 6
[   14.609949] md: raid5 personality registered for level 5
[   14.684033] md: raid4 personality registered for level 4
[   14.767394] md: raid10 personality registered for level 10
done.
Begin: Running /scripts/init-premount ... done[   14.910103] Btrfs loaded
.
Begin: Mounting root file system ... Begin: Running /scripts/local-top ... done.
Begin: Running /scripts/local-premount ... Scanning for Btrfs filesystems
done.
Warning: fsck not present, so skipping root file system
[   14.943772] EXT4-fs (sda1): mounted filesystem with ordered data mode. Opts: (null)
done.
Begin: Running /scripts/local-bottom ... done.
Begin: Running /scripts/init-bottom ... done.
[   15.070851] systemd[1]: systemd 229 running in system mode. (+PAM +AUDIT +SELINUX +IMA +APPARMOR +SMACK +SYSVINIT +UTMP +LIBCRYPTSETUP +GCRYPT +GNUTLS +ACL +XZ -LZ4 +SECCOMP +BLKID +ELFUTILS +KMOD -IDN)
[   15.289445] systemd[1]: Detected virtualization oracle.
[   15.381272] systemd[1]: Detected architecture x86-64.

Welcome to [1mUbuntu 16.04.4 LTS[0m!

[   15.476031] systemd[1]: Set hostname to <ubuntu>.
[   15.483084] systemd[1]: Initializing machine ID from random generator.
[   15.484683] systemd[1]: Installed transient /etc/machine-id file.
[   15.707557] systemd[1]: Listening on Device-mapper event daemon FIFOs.
[[0;32m  OK  [0m] Listening on Device-mapper event daemon FIFOs.
[   15.710609] systemd[1]: Listening on /dev/initctl Compatibility Named Pipe.
[[0;32m  OK  [0m] Listening on /dev/initctl Compatibility Named Pipe.
[   15.713881] systemd[1]: Started Trigger resolvconf update for networkd DNS.
[[0;32m  OK  [0m] Started Trigger resolvconf update for networkd DNS.
[   15.717184] systemd[1]: Set up automount Arbitrary Executable File Formats File System Automount Point.
[[0;32m  OK  [0m] Set up automount Arbitrary Executab...ats File System Automount Point.
[   15.918430] systemd[1]: Listening on LVM2 metadata daemon socket.
[[0;32m  OK  [0m] Listening on LVM2 metadata daemon socket.
[   16.102558] systemd[1]: Created slice System Slice.
[[0;32m  OK  [0m] Created slice System Slice.
[   16.111895] systemd[1]: Listening on LVM2 poll daemon socket.
[[0;32m  OK  [0m] Listening on LVM2 poll daemon socket.
[   16.122406] systemd[1]: Listening on udev Kernel Socket.
[[0;32m  OK  [0m] Listening on udev Kernel Socket.
[   16.138092] systemd[1]: Listening on Syslog Socket.
[[0;32m  OK  [0m] Listening on Syslog Socket.
[   16.142255] systemd[1]: Listening on Journal Socket.
[[0;32m  OK  [0m] Listening on Journal Socket.
[   16.161757] systemd[1]: Starting Load Kernel Modules...
         Starting Load Kernel Modules...
[   16.169053] systemd[1]: Starting Nameserver information manager...
[   16.174909] Loading iSCSI transport class v2.0-870.
         Startin[   16.209962] iscsi: registered transport (tcp)
g Nameserver information manager[   16.293491] random: nonblocking pool is initialized
...
[   16.961752] iscsi: registered transport (iser)
[   16.965756] systemd[1]: Mounting POSIX Message Queue File System...
         Mounting POSIX Message Queue File System...
[   16.971150] systemd[1]: Starting Set console keymap...
         Starting Set console keymap...
[   16.997254] systemd[1]: Mounting Debug File System...
         Mounting Debug File System...
[   17.001057] systemd[1]: Starting Create list of required static device nodes for the current kernel...
         Starting Create list of required st... nodes for the current kernel...
[   17.010360] systemd[1]: Starting Uncomplicated firewall...
         Starting Uncomplicated firewall...
[   17.014596] systemd[1]: Listening on udev Control Socket.
[[0;32m  OK  [0m] Listening on udev Control Socket.
[   17.020304] systemd[1]: Starting Monitoring of LVM2 mirrors, snapshots etc. using dmeventd or progress polling...
         Starting Monitoring of LVM2 mirrors... dmeventd or progress polling...
[   17.031319] systemd[1]: Mounting Huge Pages File System...
         Mounting Huge Pages File System...
[   17.042586] systemd[1]: Listening on Journal Audit Socket.
[[0;32m  OK  [0m] Listening on Journal Audit Socket.
[   17.058613] systemd[1]: Reached target User and Group Name Lookups.
[[0;32m  OK  [0m] Reached target User and Group Name Lookups.
[   17.232097] systemd[1]: Started Forward Password Requests to Wall Directory Watch.
[[0;32m  OK  [0m] Started Forward Password Requests to Wall Directory Watch.
[   17.249871] systemd[1]: Reached target System Time Synchronized.
[[0;32m  OK  [0m] Reached target System Time Synchronized.
[   17.265801] systemd[1]: Starting Remount Root and Kernel File Systems...
         Starting Remount Root a[   17.270019] EXT4-fs (sda1): re-mounted. Opts: (null)
nd Kernel File Systems...
[   17.283410] systemd[1]: Listening on Journal Socket (/dev/log).
[[0;32m  OK  [0m] Listening on Journal Socket (/dev/log).
[   17.290952] systemd[1]: Starting Journal Service...
         Starting Journal Service...
[   17.314814] systemd[1]: Created slice User and Session Slice.
[[0;32m  OK  [0m] Created slice User and Session Slice.
[   17.509922] systemd[1]: Reached target Slices.
[[0;32m  OK  [0m] Reached target Slices.
[   17.524880] systemd[1]: Created slice system-serial\x2dgetty.slice.
[[0;32m  OK  [0m] Created slice system-serial\x2dgetty.slice.
[   17.529616] systemd[1]: Reached target Encrypted Volumes.
[[0;32m  OK  [0m] Reached target Encrypted Volumes.
[   17.532581] systemd[1]: Reached target Swap.
[[0;32m  OK  [0m] Reached target Swap.
[   17.546637] systemd[1]: Mounted POSIX Message Queue File System.
[[0;32m  OK  [0m] Mounted POSIX Message Queue File System.
[   17.550313] systemd[1]: Mounted Debug File System.
[[0;32m  OK  [0m] Mounted Debug File System.
[   17.553480] systemd[1]: Mounted Huge Pages File System.
[[0;32m  OK  [0m] Mounted Huge Pages File System.
[   17.556650] systemd[1]: Started Journal Service.
[[0;32m  OK  [0m] Started Journal Service.
[[0;32m  OK  [0m] Started Load Kernel Modules.
[[0;32m  OK  [0m] Started Set console keymap.
[[0;32m  OK  [0m] Started Create list of required sta...ce nodes for the current kernel.
[[0;32m  OK  [0m] Started Uncomplicated firewall.
[[0;32m  OK  [0m] Started Remount Root and Kernel File Systems.
[[0;32m  OK  [0m] Started Nameserver information manager.
[[0;32m  OK  [0m] Started LVM2 metadata daemon.
         Starting udev Coldplug all Devices...
         Starting Initial cloud-init job (pre-networking)...
         Starting Load/Save Random Seed...
         Starting Create Static Device Nodes in /dev...
         Starting Apply Kernel Variables...
         Mounting FUSE Control File System...
         Starting Flush Journal to Persistent Storage...
[[0;32m  OK  [0m] Mounted FUSE Control File System.
[[0;32m  OK  [0m] Started Load/Save Random Seed.
[[0;32m  OK  [0m] Started Create Static Device Nodes in /dev.
[[0;32m  OK  [0m] Started Apply Kernel Variables.
[[0;32m  OK  [0m] Started udev Coldplug all Devices.
[[0;32m  OK  [0m] Started Flush Journal to Persistent Storage.
         Starting udev Kernel Device Manager...
[[0;32m  OK  [0m] Started udev Kernel Device Manager.
[[0;32m  OK  [0m] Started Dispatch Password Requests to Console Directory Watch.
[[0;32m  OK  [0m] Found device /dev/ttyS0.
[[0;32m  OK  [0m] Started Monitoring of LVM2 mirrors,...ng dmeventd or progress polling.
[[0;32m  OK  [0m] Reached target Local File Systems (Pre).
[[0;32m  OK  [0m] Reached target Local File Systems.
         Starting LSB: AppArmor initialization...
         Starting Commit a transient machine-id on disk...
         Starting Set console font and keymap...
         Starting Tell Plymouth To Write Out Runtime Data...
         Starting Create Volatile Files and Directories...
[   12.207827] cloud-init[441]: Cloud-init v. 18.2 running 'init-local' at Mon, 21 May 2018 00:09:39 +0000. Up 11.91 seconds.
[[0;32m  OK  [0m] Started Commit a transient machine-id on disk.
[[0;1;31mFAILED[0m] Failed to start Set console font and keymap.
See 'systemctl status console-setup.service' for details.
[[0;32m  OK  [0m] Started Tell Plymouth To Write Out Runtime Data.
[[0;32m  OK  [0m] Started Create Volatile Files and Directories.
[[0;32m  OK  [0m] Started Initial cloud-init job (pre-networking).
[[0;32m  OK  [0m] Listening on Load/Save RF Kill Switch Status /dev/rfkill Watch.
[[0;32m  OK  [0m] Reached target Network (Pre).
         Starting Update UTMP about System Boot/Shutdown...
[[0;32m  OK  [0m] Created slice system-getty.slice.
[[0;32m  OK  [0m] Started Update UTMP about System Boot/Shutdown.
[[0;32m  OK  [0m] Started LSB: AppArmor initialization.
         Starting Raise network interfaces...
[[0;32m  OK  [0m] Started Raise network interfaces.
[[0;32m  OK  [0m] Reached target Network.
         Starting Initial cloud-init job (metadata service crawler)...
[   14.650950] cloud-init[907]: Cloud-init v. 18.2 running 'init' at Mon, 21 May 2018 00:09:41 +0000. Up 13.93 seconds.
[   14.704330] [[0;32m  OK  [0m] Started Initial cloud-init job (metadata service crawler).
cloud-init[907]: ci-info: ++++++++++++++++++++++++++++++++++++++Net device info++++++++++++++++++++++++++++++++++++++
[   14.793825] [[0;32m  OK  [0m] Reached target Cloud-config availability.
[[0;32m  OK  [0m] Reached target System Initialization.
[[0;32m  OK  [0m] Listening on UUID daemon activation socket.
[[0;32m  OK  [0m] Started Daily Cleanup of Temporary Directories.
cloud-init[907]: ci-info: +--------+-------+----------------------------+---------------+-------+-------------------+
[   14.823504] cloud-init[907]: ci-info: | Device |   Up  |          Address           |      Mask     | Scope |     Hw-Address    |
[[0;32m  OK  [0m] Started ACPI Events Check.
[   14.827283] [cloud-init[0;32m  OK  [0m[907]: ] ci-info: +--------+-------+----------------------------+---------------+-------+-------------------+Reached target Paths.

         Starting Socket activation for snappy daemon.
[   14.832050]          Starting LXD - unix socket.
[[0;32m  OK  [0m] Listening on ACPID Listen Socket.
[[0;32m  OK  [0m] Started Daily apt download activities.
[[0;32m  OK  [0m] Started Daily apt upgrade and clean activities.
[[0;32m  OK  [0m] Reached target Timers.
[[0;32m  OK  [0m] Listening on D-Bus System Message Bus Socket.
cloud-init[907]: ci-info: | enp0s3 |  True |         10.0.2.15          | 255.255.255.0 |   .   | 02:ee:24:bb:8a:f6 |
[   14.979666] [[0;32m  OK  [0m] Reached target Network is Online.
cloud-init[907]: ci-info: | enp0s3 |  True | fe80::ee:24ff:febb:8af6/64 |       .       |  link | 02:ee:24:bb:8a:f6 |
[   15.000303]          Starting iSCSI initiator daemon (iscsid)...
[[0;32m  OK  [0m] Listening on Socket activation for snappy daemon.
[[0;32m  OK  [0m] Listening on LXD - unix socket.
[[0;32m  OK  [0m] Reached target Sockets.
cloud-init[907]: ci-info: | enp0s8 | False |             .              |       .       |   .   | 08:00:27:ef:20:38 |
[   15.096614] [cloud-init[0;32m  OK  [0m[907]: ] ci-info: |   lo   |  True |         127.0.0.1          |   255.0.0.0   |   .   |         .         |Reached target Basic System.

[   15.144528]          Starting Apply the settings specified in cloud-config...
cloud-init[907]: ci-info: |   lo   |  True |          ::1/128           |       .       |  host |         .         |
         Starting Login Service...
[   15.161619] cloud-init[[0;32m  OK  [0m] Started Deferred execution scheduler.
         Starting LXD - container startup/shutdown...
         Starting /etc/rc.local Compatibility...
[[0;32m  OK  [0m] Started Regular background program processing daemon.
[[0;32m  OK  [0m] Started Unattended Upgrades Shutdown.
         Starting Virtualbox guest utils...
         Starting LSB: Record successful boot for GRUB...
         Starting Pollinate to seed the pseudo random number generator...
[[0;32m  OK  [0m] Started D-Bus System Message Bus.
[907]: ci-info: +--------+-------+----------------------------+---------------+-------+-------------------+
[   15.244513] cloud-init[907]: ci-info: +++++++++++++++++++++++++++Route IPv4 info++++++++++++++++++++++++++++
[   15.256216] cloud-init[907]: ci-info: +-------+-------------+----------+---------------+-----------+-------+
[[0;32m  OK  [0m] Started FUSE filesystem for LXC.
         Starting System Logging Service...
         Starting Accounts Service...
         Starting LSB: MD monitoring daemon...
[   15.274601] cloud-init[907]: ci-info: | Route | Destination | Gateway  |    Genmask    | Interface | Flags |
[[0;32m  OK  [0m] Started ACPI event daemon.
[   15.312391] cloud-init[907]: ci-info: +-------+-------------+----------+---------------+-----------+-------+
[   15.330334] cloud-init[907]: ci-info: |   0   |   0.0.0.0   | 10.0.2.2 |    0.0.0.0    |   enp0s3  |   UG  |
         Starting Snappy daemon...
[[0;32m  OK  [0m] Started System Logging Service.
[   15.350500] cloud-init[907]: ci-info: |   1   |   10.0.2.0  | 0.0.0.0  | 255.255.255.0 |   enp0s3  |   U   |
[   15.410287] cloud-init[907]: ci-info: +-------+-------------+----------+---------------+-----------+-------+
[   15.424236] cloud-init[907]: Generating public/private rsa key pair.
[[0;32m  OK  [0m] Started LXD - container startup/shutdown.
[[0;32m  OK  [0m] Started /etc/rc.local Compatibility.
[[0;32m  OK  [0m] Started iSCSI initiator daemon (iscsid).
[   15.438292] cloud-init[907]: Your identification has been saved in /etc/ssh/ssh_host_rsa_key.
[   15.483162] cloud-init[907]: Your public key has been saved in /etc/ssh/ssh_host_rsa_key.pub.
[   15.492391] cloud-init[907]: [[0;32m  OK  [0m] Started Login Service.
The key fingerprint is:
         Starting Authenticate and Authorize Users to Run Privileged Tasks...
[   15.540661] cloud-init[907]: SHA256:WgyhtKV5HrBJiFOxq2yRrKSNUY6HEIZ9V8Gz9c1cwwg root@ubuntu-xenial
[   15.584295] cloud-init[907]: The key's randomart image is:
[   15.596874] cloud-init[907]: +---[RSA 2048]----+
         Starting Login to default iSCSI targets...
[[0;32m  OK  [0m] Started Snappy daemon.
[[0;32m  OK  [0m] Started Virtualbox guest utils.
[[0;32m  OK  [0m] Started LSB: Record successful boot for GRUB.
[[0;32m  OK  [0m] Started LSB: MD monitoring daemon.
[   15.647118] cloud-init[907]: |o=oo+ ooo. E. o  |
[[0;32m  OK  [0m] Started Authenticate and Authorize Users to Run Privileged Tasks.
[   15.739359] cloud-init[907]: |=.o+.X..o .  . o.|
[   15.796390] cloud-init[907]: |..o.B.+  + . + ..|
[   15.797196] cloud-init[907]: |o=.. o +.   . +  |
[   15.797325] cloud-init[907]: |+=+   . S        |
[   15.797520] cloud-init[907]: |=*.    o         |
[   15.797768] cloud-init[907]: |=o.   .          |
[   15.798101] cloud-init[907]: |.                |
[[0;32m  OK  [0m] Started Accounts Service.
[   15.798383] cloud-init[907]: |                 |
[   15.920789] cloud-init[907]: +----[SHA256]-----+
[   15.942706] cloud-init[907]: Generating public/private dsa key pair.
[   15.944468] cloud-init[907]: Your identification has been saved in /etc/ssh/ssh_host_dsa_key.
[   15.946514] cloud-init[907]: Your public key has been saved in /etc/ssh/ssh_host_dsa_key.pub.
[   15.953598] cloud-init[907]: The key fingerprint is:
[   15.960423] cloud-init[907]: SHA256:pinBLhxFvgCiMKLv2qoeBxNOdTVPuo7cpu6/YMui19o root@ubuntu-xenial
[   15.960797] cloud-init[907]: The key's randomart image is:
[   15.961022] cloud-init[907]: +---[DSA 1024]----+
[   15.961267] cloud-init[907]: |*  ....o .       |
[   15.961513] cloud-init[907]: |*o.o.   =        |
[   15.961722] cloud-init[907]: |oo. o  . .       |
[   15.961950] cloud-init[907]: |o..+ .  .        |
[   15.962168] cloud-init[907]: | +o +  .S        |
[   15.962385] cloud-init[907]: | ooo..++         |
[   15.962614] cloud-init[907]: | .+.+=o+         |
[   15.962833] cloud-init[907]: | oo++o=          |
[   15.963049] cloud-init[907]: |*++.=E.o.        |
[[   15.963307] [0;32m  OK  [0mcloud-init] [907]: Started Login to default iSCSI targets.+----[SHA256]-----+

[   15.963341] cloud-init[907]: Generating public/private ecdsa key pair.
[   16.064567] cloud-init[907]: Your identification has been saved in /etc/ssh/ssh_host_ecdsa_key.
[   16.067465] cloud-init[907]: Your public key has been saved in /etc/ssh/ssh_host_ecdsa_key.pub.[[0;32m  OK  [0m] Reached target Remote File Systems (Pre).
[[0;32m  OK  [0m] Reached target Remote File Systems.

[   16.073976] cloud-init[907]: The key fingerprint is:
[   16.075822] cloud-init[907]: SHA256:14fy2oQ7euvGoAvzPO5Yx8tEoVj9P9OCIo5wrph+EHQ root@ubuntu-xenial
         Starting LSB: automatic crash report generation...
[   16.087334]          Starting LSB: Set the CPU Frequency Scaling governor to "ondemand"...
         Starting Permit User Sessions...
         Starting LSB: daemon to balance interrupts for SMP systems...
cloud-init[907]: The key's randomart image is:
[[0;32m  OK  [0m] Started Permit User Sessions.
[   16.127834] cloud-init[907]: +---[ECDSA 256]---+
[   16.147462] cloud-init[907]: |                 |
[[0;32m  OK  [0m] Started LSB: Set the CPU Frequency Scaling governor to "ondemand".
[[0;32m  OK  [0m] Started LSB: automatic crash report generation.
[   16.154835] cloud-init[907]: | . E   .         |
[   16.166744] cloud-init[907]: |. .   . o        |
[   16.168394] cloud-init[907]: | .   o . o . .   |
[   16.170858] cloud-init[907]: |  . . . S + o .  |
[   16.181067] cloud-init[907]: | .     o.. * o   |
[   16.183875] cloud-init[907]: |  o + o.=oo B .  |
[   16.185498] cloud-init[907]: | o = Xo= o== +   |
[   16.192367] cloud-init[907]: |+.o.+oBo+==o.    |
         Starting Hold until boot process finishes up...
         Starting Terminate Plymouth Boot Screen...
[[0;32m  OK  [0m] Started LSB: daemon to balance interrupts for SMP systems.
[[0;32m  OK  [0m] Started Hold until boot process finishes up.
[   16.205240] cloud-init[907]: +----[SHA256]-----+
[   16.252850] cloud-init[907]: Generating public/private ed25519 key pair.
[   16.255307] [[0;32m  OK  [0m] Started Terminate Plymouth Boot Screen.
cloud-init[907]: Your identification has been saved in /etc/ssh/ssh_host_ed25519_key.
[[0;32m  OK  [0m] Started Getty on tty1.
[   16.292351] cloud-init[907]: Your public key has been saved in /etc/ssh/ssh_host_ed25519_key.pub.
[   16.306668] cloud-init[907]: The key fingerprint is:
[   16.308574] cloud-init[907]: SHA256:5cF89acSTdQ0A9fUsEShqLZYmkdriBrqDUN3iQCwnwo root@ubuntu-xenial
[[0;32m  OK  [0m] Started Serial Getty on ttyS0.
[[0;32m  OK  [0m] Reached target Login Prompts.
[   16.316551] cloud-init[907]: The key's randomart image is:
[   16.343343] cloud-init[907]: +--[ED25519 256]--+
[   16.345223] cloud-init[907]: |+            +XX=|
[   16.347340] cloud-init[907]: |..       o . *.o*|
[   16.368401]          cloud-initStarting Set console scheme...[907]: 
|..        * + o o|
[[0;32m  OK  [0m] Started Set console scheme.
[   16.382444] cloud-init[907]: | .... .  + o . ..|
[   16.389788] cloud-init[907]: |E.oo o  S . . .  |
[   16.392801] cloud-init[907]: |o.. .. O o   .   |
[   16.394349] cloud-init[907]: |.o. . = =        |
[   16.396929] cloud-init[907]: | .+o   o         |
[   16.398480] cloud-init[907]: |o...             |
[   16.399913] cloud-init[907]: +----[SHA256]-----+
[   16.402412] cloud-init[999]: Generating locales (this might take a while)...
[[0;32m  OK  [0m] Started Pollinate to seed the pseudo random number generator.
         Starting OpenBSD Secure Shell server...
[[0;32m  OK  [0m] Started OpenBSD Secure Shell server.
[[0;32m  OK  [0m] Reached target Multi-User System.
[[0;32m  OK  [0m] Reached target Graphical Interface.
         Starting Update UTMP about System Runlevel Changes...
[[0;32m  OK  [0m] Started Update UTMP about System Runlevel Changes.
[   16.585508] cloud-init[999]:   en_US.UTF-8... done
[   16.590352] cloud-init[999]: Generation complete.
[   16.807225] cloud-init[999]: Cloud-init v. 18.2 running 'modules:config' at Mon, 21 May 2018 00:09:43 +0000. Up 15.67 seconds.
[[0;32m  OK  [0m] Started Apply the settings specified in cloud-config.
         Starting Execute cloud user/final scripts...
ci-info: no authorized ssh keys fingerprints found for user ubuntu.
<14>May 21 00:09:45 ec2: 
<14>May 21 00:09:45 ec2: #############################################################
<14>May 21 00:09:45 ec2: -----BEGIN SSH HOST KEY FINGERPRINTS-----
<14>May 21 00:09:45 ec2: 1024 SHA256:pinBLhxFvgCiMKLv2qoeBxNOdTVPuo7cpu6/YMui19o root@ubuntu-xenial (DSA)
<14>May 21 00:09:45 ec2: 256 SHA256:14fy2oQ7euvGoAvzPO5Yx8tEoVj9P9OCIo5wrph+EHQ root@ubuntu-xenial (ECDSA)
<14>May 21 00:09:45 ec2: 256 SHA256:5cF89acSTdQ0A9fUsEShqLZYmkdriBrqDUN3iQCwnwo root@ubuntu-xenial (ED25519)
<14>May 21 00:09:45 ec2: 2048 SHA256:WgyhtKV5HrBJiFOxq2yRrKSNUY6HEIZ9V8Gz9c1cwwg root@ubuntu-xenial (RSA)
<14>May 21 00:09:45 ec2: -----END SSH HOST KEY FINGERPRINTS-----
<14>May 21 00:09:45 ec2: #############################################################
-----BEGIN SSH HOST KEY KEYS-----
ecdsa-sha2-nistp256 AAAAE2VjZHNhLXNoYTItbmlzdHAyNTYAAAAIbmlzdHAyNTYAAABBBMd/Vp8GFpyOXlcGbc41QaBBG3svQZIOFc7I9Q2k+/pc6whxYL0pmuj260Slel9zCGlDXK5e6x/Hwlger+M6qBg= root@ubuntu-xenial
ssh-ed25519 AAAAC3NzaC1lZDI1NTE5AAAAIKOwLSDLK6XrHlk+ITU2wu6po+To3G0HVH+up9sMq/0v root@ubuntu-xenial
ssh-rsa AAAAB3NzaC1yc2EAAAADAQABAAABAQC5hrJ/yTe8F7JhhvsLRWHA7MRPg0P87/OvMK7/vv/Q54iCoE5WxB8U9XOWaqPuEZW6Tk86xEeruYRjTHx7aDy+gsBP2/bGAMjPVe+tN4ZY+l7FAW9LyHv37NueoywCgQkFIf9oGvrrt+taYduLqSRMlgzwm/DtG710qznRUfQyRKdo8JWYix4Rr72jm+yC74Iy5ypkvbH0PWUsnYoIcBU6YUGF2296pE21ge3F68+xvCA/ftWSb7ltmsy6pqe9TQXHMh04htArLZ3jterw3G8k+G28QV4OfmMUJN+aqKEoi6glqeE6XTa+6lJ8cAEXp/xu7wEidTvT4momYFl/H0YD root@ubuntu-xenial
-----END SSH HOST KEY KEYS-----
[   17.336924] cloud-init[1257]: Cloud-init v. 18.2 running 'modules:final' at Mon, 21 May 2018 00:09:45 +0000. Up 17.09 seconds.
[   17.345398] cloud-init[1257]: ci-info: no authorized ssh keys fingerprints found for user ubuntu.
[[0;32m  OK  [0m] Started Execute cloud user/final scripts.
[   17.439599] cloud-init[1257]: Cloud-init v. 18.2 finished at Mon, 21 May 2018 00:09:45 +0000. Datasource DataSourceNoCloud [seed=/dev/sdb][dsmode=net].  Up 17.33 seconds
[[0;32m  OK  [0m] Reached target Cloud-init target.

Ubuntu 16.04.4 LTS ubuntu-xenial ttyS0

ubuntu-xenial login: 