[    0.000000] Initializing cgroup subsys cpuset
[    0.000000] Initializing cgroup subsys cpu
[    0.000000] Initializing cgroup subsys cpuacct
[    0.000000] Linux version 4.4.0-112-generic (buildd@lgw01-amd64-010) (gcc version 5.4.0 20160609 (Ubuntu 5.4.0-6ubuntu1~16.04.5) ) #135-Ubuntu SMP Fri Jan 19 11:48:36 UTC 2018 (Ubuntu 4.4.0-112.135-generic 4.4.98)
[    0.000000] Command line: BOOT_IMAGE=/boot/vmlinuz-4.4.0-112-generic root=LABEL=cloudimg-rootfs ro console=tty1 console=ttyS0
[    0.000000] KERNEL supported cpus:
[    0.000000]   Intel GenuineIntel
[    0.000000]   AMD AuthenticAMD
[    0.000000]   Centaur CentaurHauls
[    0.000000] x86/fpu: xstate_offset[2]:  576, xstate_sizes[2]:  256
[    0.000000] x86/fpu: Supporting XSAVE feature 0x01: 'x87 floating point registers'
[    0.000000] x86/fpu: Supporting XSAVE feature 0x02: 'SSE registers'
[    0.000000] x86/fpu: Supporting XSAVE feature 0x04: 'AVX registers'
[    0.000000] x86/fpu: Enabled xstate features 0x7, context size is 832 bytes, using 'standard' format.
[    0.000000] x86/fpu: Using 'lazy' FPU context switches.
[    0.000000] e820: BIOS-provided physical RAM map:
[    0.000000] BIOS-e820: [mem 0x0000000000000000-0x000000000009fbff] usable
[    0.000000] BIOS-e820: [mem 0x000000000009fc00-0x000000000009ffff] reserved
[    0.000000] BIOS-e820: [mem 0x00000000000f0000-0x00000000000fffff] reserved
[    0.000000] BIOS-e820: [mem 0x0000000000100000-0x000000001ffeffff] usable
[    0.000000] BIOS-e820: [mem 0x000000001fff0000-0x000000001fffffff] ACPI data
[    0.000000] BIOS-e820: [mem 0x00000000fec00000-0x00000000fec00fff] reserved
[    0.000000] BIOS-e820: [mem 0x00000000fee00000-0x00000000fee00fff] reserved
[    0.000000] BIOS-e820: [mem 0x00000000fffc0000-0x00000000ffffffff] reserved
[    0.000000] NX (Execute Disable) protection: active
[    0.000000] SMBIOS 2.5 present.
[    0.000000] Hypervisor detected: KVM
[    0.000000] e820: last_pfn = 0x1fff0 max_arch_pfn = 0x400000000
[    0.000000] MTRR: Disabled
[    0.000000] x86/PAT: MTRRs disabled, skipping PAT initialization too.
[    0.000000] CPU MTRRs all blank - virtualized system.
[    0.000000] x86/PAT: Configuration [0-7]: WB  WT  UC- UC  WB  WT  UC- UC  
[    0.000000] found SMP MP-table at [mem 0x0009fff0-0x0009ffff] mapped at [ffff88000009fff0]
[    0.000000] Scanning 1 areas for low memory corruption
[    0.000000] RAMDISK: [mem 0x1ecf4000-0x1f77dfff]
[    0.000000] ACPI: Early table checksum verification disabled
[    0.000000] ACPI: RSDP 0x00000000000E0000 000024 (v02 VBOX  )
[    0.000000] ACPI: XSDT 0x000000001FFF0030 00003C (v01 VBOX   VBOXXSDT 00000001 ASL  00000061)
[    0.000000] ACPI: FACP 0x000000001FFF00F0 0000F4 (v04 VBOX   VBOXFACP 00000001 ASL  00000061)
[    0.000000] ACPI: DSDT 0x000000001FFF0470 0021C8 (v02 VBOX   VBOXBIOS 00000002 INTL 20160831)
[    0.000000] ACPI: FACS 0x000000001FFF0200 000040
[    0.000000] ACPI: FACS 0x000000001FFF0200 000040
[    0.000000] ACPI: APIC 0x000000001FFF0240 00005C (v02 VBOX   VBOXAPIC 00000001 ASL  00000061)
[    0.000000] ACPI: SSDT 0x000000001FFF02A0 0001CC (v01 VBOX   VBOXCPUT 00000002 INTL 20160831)
[    0.000000] No NUMA configuration found
[    0.000000] Faking a node at [mem 0x0000000000000000-0x000000001ffeffff]
[    0.000000] NODE_DATA(0) allocated [mem 0x1ffeb000-0x1ffeffff]
[    0.000000] kvm-clock: Using msrs 4b564d01 and 4b564d00
[    0.000000] kvm-clock: cpu 0, msr 0:1ffe3001, primary cpu clock
[    0.000000] kvm-clock: using sched offset of 3207732233 cycles
[    0.000000] clocksource: kvm-clock: mask: 0xffffffffffffffff max_cycles: 0x1cd42e4dffb, max_idle_ns: 881590591483 ns
[    0.000000] Zone ranges:
[    0.000000]   DMA      [mem 0x0000000000001000-0x0000000000ffffff]
[    0.000000]   DMA32    [mem 0x0000000001000000-0x000000001ffeffff]
[    0.000000]   Normal   empty
[    0.000000]   Device   empty
[    0.000000] Movable zone start for each node
[    0.000000] Early memory node ranges
[    0.000000]   node   0: [mem 0x0000000000001000-0x000000000009efff]
[    0.000000]   node   0: [mem 0x0000000000100000-0x000000001ffeffff]
[    0.000000] Initmem setup node 0 [mem 0x0000000000001000-0x000000001ffeffff]
[    0.000000] ACPI: PM-Timer IO Port: 0x4008
[    0.000000] IOAPIC[0]: apic_id 2, version 32, address 0xfec00000, GSI 0-23
[    0.000000] ACPI: INT_SRC_OVR (bus 0 bus_irq 0 global_irq 2 dfl dfl)
[    0.000000] ACPI: INT_SRC_OVR (bus 0 bus_irq 9 global_irq 9 high level)
[    0.000000] Using ACPI (MADT) for SMP configuration information
[    0.000000] smpboot: Allowing 2 CPUs, 0 hotplug CPUs
[    0.000000] PM: Registered nosave memory: [mem 0x00000000-0x00000fff]
[    0.000000] PM: Registered nosave memory: [mem 0x0009f000-0x0009ffff]
[    0.000000] PM: Registered nosave memory: [mem 0x000a0000-0x000effff]
[    0.000000] PM: Registered nosave memory: [mem 0x000f0000-0x000fffff]
[    0.000000] e820: [mem 0x20000000-0xfebfffff] available for PCI devices
[    0.000000] Booting paravirtualized kernel on KVM
[    0.000000] clocksource: refined-jiffies: mask: 0xffffffff max_cycles: 0xffffffff, max_idle_ns: 7645519600211568 ns
[    0.000000] setup_percpu: NR_CPUS:512 nr_cpumask_bits:512 nr_cpu_ids:2 nr_node_ids:1
[    0.000000] PERCPU: Embedded 34 pages/cpu @ffff88001fc00000 s99544 r8192 d31528 u1048576
[    0.000000] PV qspinlock hash table entries: 256 (order: 0, 4096 bytes)
[    0.000000] Built 1 zonelists in Node order, mobility grouping on.  Total pages: 128889
[    0.000000] Policy zone: DMA32
[    0.000000] Kernel command line: BOOT_IMAGE=/boot/vmlinuz-4.4.0-112-generic root=LABEL=cloudimg-rootfs ro console=tty1 console=ttyS0
[    0.000000] PID hash table entries: 2048 (order: 2, 16384 bytes)
[    0.000000] Memory: 485660K/523832K available (8499K kernel code, 1309K rwdata, 3988K rodata, 1508K init, 1316K bss, 38172K reserved, 0K cma-reserved)
[    0.000000] SLUB: HWalign=64, Order=0-3, MinObjects=0, CPUs=2, Nodes=1
[    0.000000] Kernel/User page tables isolation: enabled
[    0.000000] Hierarchical RCU implementation.
[    0.000000] 	Build-time adjustment of leaf fanout to 64.
[    0.000000] 	RCU restricting CPUs from NR_CPUS=512 to nr_cpu_ids=2.
[    0.000000] RCU: Adjusting geometry for rcu_fanout_leaf=64, nr_cpu_ids=2
[    0.000000] NR_IRQS:33024 nr_irqs:440 16
[    0.000000] Console: colour VGA+ 80x25
[    0.000000] console [tty1] enabled
[    0.000000] console [ttyS0] enabled
[    0.000000] tsc: Detected 2593.994 MHz processor
[    0.765107] Calibrating delay loop (skipped) preset value.. 5187.98 BogoMIPS (lpj=10375976)
[    0.771980] pid_max: default: 32768 minimum: 301
[    0.772898] ACPI: Core revision 20150930
[    0.774630] ACPI: 2 ACPI AML tables successfully acquired and loaded
[    0.795252] Security Framework initialized
[    0.796618] Yama: becoming mindful.
[    0.797530] AppArmor: AppArmor initialized
[    0.800200] Dentry cache hash table entries: 65536 (order: 7, 524288 bytes)
[    0.801485] Inode-cache hash table entries: 32768 (order: 6, 262144 bytes)
[    0.805365] Mount-cache hash table entries: 1024 (order: 1, 8192 bytes)
[    0.815523] Mountpoint-cache hash table entries: 1024 (order: 1, 8192 bytes)
[    0.820866] Initializing cgroup subsys io
[    0.826076] Initializing cgroup subsys memory
[    0.826880] Initializing cgroup subsys devices
[    0.827687] Initializing cgroup subsys freezer
[    0.828506] Initializing cgroup subsys net_cls
[    0.829339] Initializing cgroup subsys perf_event
[    0.851444] Initializing cgroup subsys net_prio
[    0.852345] Initializing cgroup subsys hugetlb
[    0.853176] Initializing cgroup subsys pids
[    0.854035] CPU: Physical Processor ID: 0
[    0.861849] CPU: Processor Core ID: 0
[    0.862569] FEATURE SPEC_CTRL Not Present
[    0.864196] mce: CPU supports 0 MCE banks
[    0.865042] Last level iTLB entries: 4KB 1024, 2MB 1024, 4MB 1024
[    0.866099] Last level dTLB entries: 4KB 1024, 2MB 1024, 4MB 1024, 1GB 4
[    0.869055] Freeing SMP alternatives memory: 32K
[    0.893868] ftrace: allocating 32180 entries in 126 pages
[    0.935729] smpboot: APIC(0) Converting physical 0 to logical package 0
[    0.949379] smpboot: Max logical packages: 1
[    1.002975] x2apic enabled
[    1.040004] Switched APIC routing to physical x2apic.
[    1.068314] ..TIMER: vector=0x30 apic1=0 pin1=2 apic2=-1 pin2=-1
[    1.208345] smpboot: CPU0: Intel(R) Core(TM) i7-4510U CPU @ 2.00GHz (family: 0x6, model: 0x45, stepping: 0x1)
[    1.258379] Performance Events: unsupported p6 CPU model 69 no PMU driver, software events only.
[    1.260828] KVM setup paravirtual spinlock
[    1.277832] x86: Booting SMP configuration:
[    1.284045] .... node  #0, CPUs:      #1
[    1.284957] kvm-clock: cpu 1, msr 0:1ffe3041, secondary cpu clock
[    1.287574] mce: CPU supports 0 MCE banks
[    1.290382] x86: Booted up 1 node, 2 CPUs
[    1.319085] smpboot: Total of 2 processors activated (10375.97 BogoMIPS)
[    1.361725] devtmpfs: initialized
[    1.379029] evm: security.selinux
[    1.384929] evm: security.SMACK64
[    1.385618] evm: security.SMACK64EXEC
[    1.386307] evm: security.SMACK64TRANSMUTE
[    1.388159] evm: security.SMACK64MMAP
[    1.397697] evm: security.ima
[    1.398308] evm: security.capability
[    1.399471] clocksource: jiffies: mask: 0xffffffff max_cycles: 0xffffffff, max_idle_ns: 7645041785100000 ns
[    1.416886] futex hash table entries: 512 (order: 3, 32768 bytes)
[    1.436365] pinctrl core: initialized pinctrl subsystem
[    1.449681] RTC time:  6:26:27, date: 02/02/18
[    1.451696] NET: Registered protocol family 16
[    1.536968] cpuidle: using governor ladder
[    1.564873] cpuidle: using governor menu
[    1.571815] PCCT header not found.
[    1.596379] ACPI: bus type PCI registered
[    1.607680] acpiphp: ACPI Hot Plug PCI Controller Driver version: 0.5
[    1.609122] PCI: Using configuration type 1 for base access
[    1.629683] ACPI: Added _OSI(Module Device)
[    1.681600] ACPI: Added _OSI(Processor Device)
[    1.696747] ACPI: Added _OSI(3.0 _SCP Extensions)
[    1.763491] ACPI: Added _OSI(Processor Aggregator Device)
[    1.829913] ACPI: Executed 1 blocks of module-level executable AML code
[    1.907892] ACPI: Interpreter enabled
[    1.915195] ACPI: (supports S0 S5)
[    1.916045] ACPI: Using IOAPIC for interrupt routing
[    1.918467] PCI: Using host bridge windows from ACPI; if necessary, use "pci=nocrs" and report a bug
[    1.927893] ACPI: PCI Root Bridge [PCI0] (domain 0000 [bus 00-ff])
[    1.963016] acpi PNP0A03:00: _OSC: OS supports [ASPM ClockPM Segments MSI]
[    2.012954] acpi PNP0A03:00: _OSC failed (AE_NOT_FOUND); disabling ASPM
[    2.037481] acpi PNP0A03:00: fail to add MMCONFIG information, can't access extended PCI configuration space under this bridge.
[    2.081263] PCI host bridge to bus 0000:00
[    2.100644] pci_bus 0000:00: root bus resource [io  0x0000-0x0cf7 window]
[    2.103428] pci_bus 0000:00: root bus resource [io  0x0d00-0xffff window]
[    2.107652] pci_bus 0000:00: root bus resource [mem 0x000a0000-0x000bffff window]
[    2.114863] pci_bus 0000:00: root bus resource [mem 0x20000000-0xffdfffff window]
[    2.121702] pci_bus 0000:00: root bus resource [bus 00-ff]
[    2.130265] pci 0000:00:01.1: legacy IDE quirk: reg 0x10: [io  0x01f0-0x01f7]
[    2.132504] pci 0000:00:01.1: legacy IDE quirk: reg 0x14: [io  0x03f6]
[    2.133599] pci 0000:00:01.1: legacy IDE quirk: reg 0x18: [io  0x0170-0x0177]
[    2.134732] pci 0000:00:01.1: legacy IDE quirk: reg 0x1c: [io  0x0376]
[    2.165104] pci 0000:00:07.0: quirk: [io  0x4000-0x403f] claimed by PIIX4 ACPI
[    2.179707] pci 0000:00:07.0: quirk: [io  0x4100-0x410f] claimed by PIIX4 SMB
[    2.204542] ACPI: PCI Interrupt Link [LNKA] (IRQs 5 9 10 *11)
[    2.214050] ACPI: PCI Interrupt Link [LNKB] (IRQs 5 9 10 *11)
[    2.216483] ACPI: PCI Interrupt Link [LNKC] (IRQs 5 9 *10 11)
[    2.224515] ACPI: PCI Interrupt Link [LNKD] (IRQs 5 *9 10 11)
[    2.234740] ACPI: Enabled 2 GPEs in block 00 to 07
[    2.237069] vgaarb: setting as boot device: PCI:0000:00:02.0
[    2.249893] vgaarb: device added: PCI:0000:00:02.0,decodes=io+mem,owns=io+mem,locks=none
[    2.331365] vgaarb: loaded
[    2.370430] vgaarb: bridge control possible 0000:00:02.0
[    2.384361] SCSI subsystem initialized
[    2.393710] ACPI: bus type USB registered
[    2.421538] usbcore: registered new interface driver usbfs
[    2.481026] usbcore: registered new interface driver hub
[    2.488353] usbcore: registered new device driver usb
[    2.530073] PCI: Using ACPI for IRQ routing
[    2.571584] NetLabel: Initializing
[    2.580243] NetLabel:  domain hash size = 128
[    2.581051] NetLabel:  protocols = UNLABELED CIPSOv4
[    2.582599] NetLabel:  unlabeled traffic allowed by default
[    2.598390] amd_nb: Cannot enumerate AMD northbridges
[    2.630424] clocksource: Switched to clocksource kvm-clock
[    2.644354] AppArmor: AppArmor Filesystem Enabled
[    2.704847] pnp: PnP ACPI init
[    2.763469] pnp: PnP ACPI: found 3 devices
[    2.839208] clocksource: acpi_pm: mask: 0xffffff max_cycles: 0xffffff, max_idle_ns: 2085701024 ns
[    2.991872] NET: Registered protocol family 2
[    3.083940] TCP established hash table entries: 4096 (order: 3, 32768 bytes)
[    3.142763] TCP bind hash table entries: 4096 (order: 4, 65536 bytes)
[    3.146435] TCP: Hash tables configured (established 4096 bind 4096)
[    3.147659] UDP hash table entries: 256 (order: 1, 8192 bytes)
[    3.165946] UDP-Lite hash table entries: 256 (order: 1, 8192 bytes)
[    3.167051] NET: Registered protocol family 1
[    3.175825] pci 0000:00:00.0: Limiting direct PCI/PCI transfers
[    3.179325] pci 0000:00:01.0: Activating ISA DMA hang workarounds
[    3.203475] Unpacking initramfs...
[    5.067870] Freeing initrd memory: 10792K
[    5.074028] RAPL PMU detected, API unit is 2^-32 Joules, 4 fixed counters 10737418240 ms ovfl timer
[    5.083368] hw unit of domain pp0-core 2^-0 Joules
[    5.115691] hw unit of domain package 2^-0 Joules
[    5.138503] hw unit of domain dram 2^-0 Joules
[    5.148688] hw unit of domain pp1-gpu 2^-0 Joules
[    5.151647] platform rtc_cmos: registered platform RTC device (no PNP device found)
[    5.158474] Scanning for low memory corruption every 60 seconds
[    5.166537] audit: initializing netlink subsys (disabled)
[    5.202986] audit: type=2000 audit(1517552794.193:1): initialized
[    5.205844] Initialise system trusted keyring
[    5.212714] HugeTLB registered 2 MB page size, pre-allocated 0 pages
[    5.233440] zbud: loaded
[    5.239694] VFS: Disk quotas dquot_6.6.0
[    5.247529] VFS: Dquot-cache hash table entries: 512 (order 0, 4096 bytes)
[    5.303664] squashfs: version 4.0 (2009/01/31) Phillip Lougher
[    5.305314] fuse init (API version 7.23)
[    5.340359] Key type big_key registered
[    5.377539] Allocating IMA MOK and blacklist keyrings.
[    5.416126] Key type asymmetric registered
[    5.431174] Asymmetric key parser 'x509' registered
[    5.465853] Block layer SCSI generic (bsg) driver version 0.4 loaded (major 249)
[    5.467546] io scheduler noop registered
[    5.505560] io scheduler deadline registered (default)
[    5.562847] io scheduler cfq registered
[    5.616286] pci_hotplug: PCI Hot Plug PCI Core version: 0.5
[    5.670874] pciehp: PCI Express Hot Plug Controller Driver version: 0.4
[    5.696008] ACPI: AC Adapter [AC] (on-line)
[    5.720584] input: Power Button as /devices/LNXSYSTM:00/LNXPWRBN:00/input/input0
[    5.791551] ACPI: Power Button [PWRF]
[    5.799880] input: Sleep Button as /devices/LNXSYSTM:00/LNXSLPBN:00/input/input1
[    5.815770] ACPI: Sleep Button [SLPF]
[    5.830250] GHES: HEST is not enabled!
[    5.830842] ACPI: Battery Slot [BAT0] (battery present)
[    5.833111] Serial: 8250/16550 driver, 32 ports, IRQ sharing enabled
[    5.950960] 00:02: ttyS0 at I/O 0x3f8 (irq = 4, base_baud = 115200) is a 16550A
[    6.086784] Linux agpgart interface v0.103
[    6.154858] tsc: Refined TSC clocksource calibration: 2593.659 MHz
[    6.154861] clocksource: tsc: mask: 0xffffffffffffffff max_cycles: 0x2562d6224ea, max_idle_ns: 440795286280 ns
[    6.790457] loop: module loaded
[    6.793919] scsi host0: ata_piix
[    6.825995] scsi host1: ata_piix
[    6.905676] ata1: PATA max UDMA/33 cmd 0x1f0 ctl 0x3f6 bmdma 0xd000 irq 14
[    7.000399] ata2: PATA max UDMA/33 cmd 0x170 ctl 0x376 bmdma 0xd008 irq 15
[    7.135976] libphy: Fixed MDIO Bus: probed
[    7.295544] tun: Universal TUN/TAP device driver, 1.6
[    7.571136] tun: (C) 1999-2004 Max Krasnyansky <maxk@qualcomm.com>
[    7.711897] PPP generic driver version 2.4.2
[    7.787137] ehci_hcd: USB 2.0 'Enhanced' Host Controller (EHCI) Driver
[    7.888169] ehci-pci: EHCI PCI platform driver
[    7.891319] ehci-platform: EHCI generic platform driver
[    7.895856] ohci_hcd: USB 1.1 'Open' Host Controller (OHCI) Driver
[    7.942735] ohci-pci: OHCI PCI platform driver
[    7.943875] ohci-platform: OHCI generic platform driver
[    7.945080] uhci_hcd: USB Universal Host Controller Interface driver
[    7.948696] i8042: PNP: PS/2 Controller [PNP0303:PS2K,PNP0f03:PS2M] at 0x60,0x64 irq 1,12
[    8.207994] serio: i8042 KBD port at 0x60,0x64 irq 1
[    8.395851] serio: i8042 AUX port at 0x60,0x64 irq 12
[    8.466446] mousedev: PS/2 mouse device common for all mice
[    8.516272] nnput: AT Translated Set 2 keyboard as /devices/platform/i8042/serio0/input/input2
[    9.026151] rtc_cmos rtc_cmos: rtc core: registered rtc_cmos as rtc0
[    9.105555] rtc_cmos rtc_cmos: alarmsuup to one day, 114bbytes nvram
[    9.465488] i2c /dev entries driver
[    9.506604] device-mapper: uevent: version 1.0.3
[    9.514240] device-mapper: ioctl: 4.34.0-ioctl (2015-10-28) initialised: dm-devel@redhat.com
[    9.544174] ledtrig-cpu: registered to indicate activity on CPUs
[    9.615794] NET: Registered protocol family 10
[    9.631064] NET: Registered protocol family 17
[    9.640188] Key type dns_resolver registered
[    9.661486] microcode: CPU0 sig=0x40651, pf=0x40, revision=0x0
[    9.730718] microcode: CPU1 sig=0x40651, pf=0x40, revision=0x0
[    9.746072] microcode: Microcode Update Driver: v2.01 <tigran@aivazian.fsnet.co.uk>, Peter Oruba
[    9.780921] registered taskstats version 1
[    9.873900] Loading compiled-in X.509 certificates
[   10.076056] Loaded ..509 cert 'Build time autogenerated kernel key: 4c603087bab8f0a02cb3b4e1fb4c40f507e71ef1'
[   10.457991] zswap: loaded using pool lzo/zbud
[   10.499202] Key type trusted registered
[   10.619563] Key type encrypted registered
[   10.626046] AppArmor: AppArmor sha1 policy hashing enabled
[   10.745580] ima: No TPM chip found, activating TPM-bypass!
[   10.766191] evm: HMAC attrs: 0x1
[   10.767481]   Magic number: 6:133:417
[   10.925556] rtc_cmos rtc_cmos: setting system clock to 2018-02-02 06:26:37 UTC (1517552797)
[   11.176161] BIOS EDD facility v0.16 2004-Jun-25, 0 devices found
[   11.478200] EDD informationnnot available.
[   11.786695] Freeing unused kernel memory: 1508K
[   12.115538] Write protecting the kernel read-only data: 14336k
[   12.286357] Freeing unused kernel memory: 1728K
[   12.425706] Freeing unused kernel memory: 108K
Loading, please wait...
starting version[   12.549676] random: systemd-udevd: uninitialized urandom read (16 bytes read, 4 bits of entropy available)
 229
[   12.551079] random: udevadm: uninitialized urandom read (16 bytes read, 4 bits of entropy available)
[   12.551139] random: udevadm: uninitialized urandom read (16 bytes read, 4 bits of entropy available)
[   12.570949] random: udevadm: uninitialized urandom read (16 bytes read, 4 bits of entropy available)
[   12.571027] random: udevadm: uninitialized urandom read (16 bytes read, 4 bits of entropy available)
[   12.571288] random: udevadm: uninitialized urandom read (16 bytes read, 4 bits of entropy available)
[   12.571393] random: udevadm: uninitialized urandom read (16 bytes read, 4 bits of entropy available)
[   12.571493] random: udevadm: uninitialized urandom read (16 bytes read, 4 bits of entropy available)
[   12.571595] random: udevadm: uninitialized urandom read (16 bytes read, 4 bits of entropy available)
[   12.571696] random: udevadm: uninitialized urandom read (16 bytes read, 4 bits of entropy available)
[   15.380380] e1000: Intel(R) PRO/1000 Network Driver - version 7.3.21-k8-NAPI
[   15.511902] e1000: Copyright (c) 1999-2006 Intel Corporation.
[   15.511977] Fusion MPT base driver 3.04.20
[   15.511977] Copyright (c) 1999-2008 LSI Corporation
[   15.544049] Fusion MPT SPI Host driver 3.04.20
[   15.767586] input: ImExPS/2 Generic Explorer Mouse as /devices/platform/i8042/serio1/input/input4
[   15.945095] AVX version of gcm_enc/dec engaged.
[   15.988985] AES CTR mode by8 optimization enabled
[   16.315639] e1000 0000:00:03.0 eth0: (PCI:33MHz:32-bit) 02:1f:2a:60:99:e3
[   16.352312] e1000 0000:00:03.0 eth0: Intel(R) PRO/1000 Network Connection
[   16.788397] e1000 0000:00:08.0 eth1: (PCI:33MHz:32-bit) 08:00:27:b5:13:97
[   16.836327] e1000 0000:00:08.0 eth1: Intel(R) PRO/1000 Network Connection
[   16.912894] e1000 0000:00:03.0 enp0s3: renamed from eth0
[   16.914995] mptbase: ioc0: Initiating bringup
[   17.019149] e1000 0000:00:08.0 enp0s8: renamed from eth1
[   17.294921] ioc0: LSI53C1030 A0: Capabilities={Initiator}
[   17.481526] scsi host2: ioc0: LSI53C1030 A0, FwRev=00000000h, Ports=1, MaxQ=256, IRQ=20
[   17.610847] scsi 2:0:0:0: Direct-Access     VBOX     HARDDISK         1.0  PQ: 0 ANSI: 5
[   17.830597] scsi target2:0:0: Beginning Domain Validation
[   18.019746] scsi target2:0:0: Domain Validation skipping write tests
[   18.126206] scsi target2:0:0: Ending Domain Validation
[   18.365651] scsi target2:0:0: asynchronous
[   18.573953] floppy0: no floppy controllers found
[   18.635593] scsi 2:0:1:0: Direct-Access     VBOX     HARDDISK         1.0  PQ: 0 ANSI: 5
[   18.775271] scsi target2:0:1: Beginning Domain Validation
[   18.796765] scsi target2:0:1: Domain Validation skipping write tests
[   18.823202] scsi target2:0:1: Ending Domain Validation
[   18.899174] scsi target2:0:1: asynchronous
[   19.081339] sd 2:0:0:0: Attached scsi generic sg0 type 0
[   19.083239] sd 2:0:0:0: [sda] 20971520 512-byte logical blocks: (10.7 GB/10.0 GiB)
[   19.083396] sd 2:0:0:0: [sda] Write Protect is off
[   19.083500] sd 2:0:0:0: [sda] Incomplete mode parameter data
[   19.083502] sd 2:0:0:0: [sda] Assuming drive cache: write through
[   19.126458]  sda: sda1
[   19.130288] sd 2:0:0:0: [sda] Attached SCSI disk
[   19.319959] sd 2:0:1:0: [sdb] 20480 512-byte logical blocks: (10.5 MB/10.0 MiB)
[   19.326362] sd 2:0:1:0: [sdb] Write Protect is off
[   19.329119] sd 2:0:1:0: Attached scsi generic sg1 type 0
[   19.334884] sd 2:0:1:0: [sdb] Incomplete mode parameter data
[   19.338122] sd 2:0:1:0: [sdb] Assuming drive cache: write through
[   19.358358] sd 2:0:1:0: [sdb] Attached SCSI disk
Begin: Loading e[   21.140505] md: linear personality registered for level -1
ssential drivers ... [   21.238635] md: multipath personality registered for level -4
[   21.568820] md: raid0 personality registered for level 0
[   21.744418] md: raid1 personality registered for level 1
[   21.858464] raid6: sse2x1   gen()  4422 MB/s
[   21.942430] raid6: sse2x1   xor()  5772 MB/s
[   22.022545] raid6: sse2x2   gen()  7862 MB/s
[   22.090458] raid6: sse2x2   xor()  6447 MB/s
[   22.222564] raid6: sse2x4   gen()  7793 MB/s
[   22.290626] raid6: sse2x4   xor()  4159 MB/s
[   22.293968] raid6: using algorithm sse2x2 gen() 7862 MB/s
[   22.304181] raid6: .... xor() 6447 MB/s, rmw enabled
[   22.402444] raid6: using ssse3x2 recovery algorithm
[   22.486800] xor: automatically using best checksumming function:
[   22.764943]    avx       : 46288.000 MB/sec
[   22.806958] async_tx: api initialized (async)
[   22.920700] md: raid6 personality registered for level 6
[   23.024510] md: raid5 personality registered for level 5
[   23.094593] md: raid4 personality registered for level 4
[   23.195215] md: raid10 personality registered for level 10
done.
Begin: Running /scripts/init-premount ... done.
Begin: Mounting root file syst[   23.254360] Btrfs loaded
em ... Begin: Running /scripts/local-top ... done.
Begin: Running /scripts/local-premount ... S[   23.404344] EXT4-fs (sda1): mounted filesystem with ordered data mode. Opts: (null)
canning for Btrfs filesystems
done.
Warning: fsck not present, so skipping root file system
done.
Begin: Running /scripts/local-bottom ... done.
Begin: Running /scripts/init-bottom ... done.
[   23.567009] systemd[1]: systemd 229 running in system mode. (+PAM +AUDIT +SELINUX +IMA +APPARMOR +SMACK +SYSVINIT +UTMP +LIBCRYPTSETUP +GCRYPT +GNUTLS +ACL +XZ -LZ4 +SECCOMP +BLKID +ELFUTILS +KMOD -IDN)
[   24.376251] systemd[1]: Detected virtualization oracle.
[   24.695644] systemd[1]: Detected architecture x86-64.

Welcome to [1mUbuntu 16.04.3 LTS[0m!

[   24.994074] systemd[1]: Set hostname to <ubuntu>.
[   24.997637] systemd[1]: Initializing machine ID from random generator.
[   25.006416] systemd[1]: Installed transient /etc/machine-id file.
[   25.301186] systemd[1]: Listening on LVM2 metadata daemon socket.
[[0;32m  OK  [0m] Listening on LVM2 metadata daemon socket.
[   25.394860] systemd[1]: Started Forward Password Requests to Wall Directory Watch.
[[0;32m  OK  [0m] Started Forward Password Requests to Wall Directory Watch.
[   25.495083] systemd[1]: Listening on udev Kernel Socket.
[[0;32m  OK  [0m] Listening on udev Kernel Socket.
[   25.686231] systemd[1]: Reached target Swap.
[[0;32m  OK  [0m] Reached target Swap.
[   25.791113] systemd[1]: Reached target User and Group Name Lookups.
[[0;32m  OK  [0m] Reached target User and Group Name Lookups.
[   26.079189] systemd[1]: Listening on Device-mapper event daemon FIFOs.
[[0;32m  OK  [0m] Listening on Device-mapper event daemon FIFOs.
[   26.235565] systemd[1]: Listening on LVM2 poll daemon socket.
[[0;32m  OK  [0m] Listening on LVM2 poll daemon socket.
[   26.247794] systemd[1]: Listening on Syslog Socket.
[[0;32m  OK  [0m] Listening on Syslog Socket.
[   26.448718] systemd[1]: Set up automount Arbitrary Executable File Formats File System Automount Point.
[[0;32m  OK  [0m] Set up automount Arbitrary Executab...ats File System Automount Point.
[   26.591315] systemd[1]: Listening on Journal Socket (/dev/log).
[[0;32m  OK  [0m] Listening on Journal Socket (/dev/log).
[   26.694769] systemd[1]: Listening on Journal Socket.
[[0;32m  OK  [0m] Listening on Journal Socket.
[   26.732522] systemd[1]: Listening on udev Control Socket.
[[0;32m  OK  [0m] Listening on udev Control Socket.
[   26.736412] systemd[1]: Listening on /dev/initctl Compatibility Named Pipe.
[[0;32m  OK  [0m] Listening on /dev/initctl Compatibility Named Pipe.
[   26.798087] systemd[1]: Listening on Journal Audit Socket.
[[0;32m  OK  [0m] Listening on Journal Audit Socket.
[   26.902104] systemd[1]: Created slice System Slice.
[[0;32m  OK  [0m] Created slice System Slice.
[   27.034779] systemd[1]: Starting Uncomplicated firewall...
         Starting Uncomplicated firewall...
[   27.190812] systemd[1]: Starting Monitoring of LVM2 mirrors, snapshots etc. using dmeventd or progress polling...
         Starting Monitoring of LVM2 mirrors... dmeventd or progress polling...
[   27.305175] systemd[1]: Mounting POSIX Message Queue File System...
         Mounting POSIX Message Queue File System...
[   27.393775] systemd[1]: Starting Remount Root and Kernel File Systems...
[   27.394391] random: nonblocking pool is initialized
[   27.403836] EXT4-fs (sda1): re-mounted. Opts: (null)
         Starting Remount Root and Kernel File Systems...
[   27.515025] systemd[1]: Mounting Huge Pages File System...
         Mounting Huge Pages File System...
[   27.646600] systemd[1]: Mounting Debug File System...
         Mounting Debug File System...
[   27.826703] systemd[1]: Starting Load Kernel Modules...
[   27.962990] Loading iSCSI transport class v2.0-870.
         Startin[   28.012166] iscsi: registered transport (tcp)
g Load Kernel Modules...
[   28.110526] iscsi: registered transport (iser)
[   28.150756] systemd[1]: Starting Journal Service...
         Starting Journal Service...
[   28.214827] systemd[1]: Starting Nameserver information manager...
         Starting Nameserver information manager...
[   28.447006] systemd[1]: Created slice User and Session Slice.
[[0;32m  OK  [0m] Created slice User and Session Slice.
[   28.491106] systemd[1]: Started Trigger resolvconf update for networkd DNS.
[[0;32m  OK  [0m] Started Trigger resolvconf update for networkd DNS.
[   28.762711] systemd[1]: Reached target Slices.
[[0;32m  OK  [0m] Reached target Slices.
[   28.810722] systemd[1]: Reached target Encrypted Volumes.
[[0;32m  OK  [0m] Reached target Encrypted Volumes.
[   28.838730] systemd[1]: Starting Create list of required static device nodes for the current kernel...
         Starting Create list of required st... nodes for the current kernel...
[   28.992590] systemd[1]: Created slice system-serial\x2dgetty.slice.
[[0;32m  OK  [0m] Created slice system-serial\x2dgetty.slice.
[   29.335641] systemd[1]: Starting Set console keymap...
         Starting Set console keymap...
[   29.508051] systemd[1]: Mounted Huge Pages File System.
[[0;32m  OK  [0m] Mounted Huge Pages File System.
[   29.794867] systemd[1]: Mounted Debug File System.
[[0;32m  OK  [0m] Mounted Debug File System.
[   29.989479] systemd[1]: Mounted POSIX Message Queue File System.
[[0;32m  OK  [0m] Mounted POSIX Message Queue File System.
[   30.002162] systemd[1]: Started Journal Service.
[[0;32m  OK  [0m] Started Journal Service.
[[0;32m  OK  [0m] Started Uncomplicated firewall.
[[0;32m  OK  [0m] Started Remount Root and Kernel File Systems.
[[0;32m  OK  [0m] Started Load Kernel Modules.
[[0;32m  OK  [0m] Started Create list of required sta...ce nodes for the current kernel.
[[0;32m  OK  [0m] Started Set console keymap.
[[0;32m  OK  [0m] Started Nameserver information manager.
[[0;32m  OK  [0m] Started LVM2 metadata daemon.
         Starting Create Static Device Nodes in /dev...
         Mounting FUSE Control File System...
         Starting Apply Kernel Variables...
         Starting udev Coldplug all Devices...
         Starting Initial cloud-init job (pre-networking)...
         Starting Load/Save Random Seed...
         Starting Flush Journal to Persistent Storage...
[[0;32m  OK  [0m] Mounted FUSE Control File System.
[[0;32m  OK  [0m] Started Create Static Device Nodes in /dev.
[[0;32m  OK  [0m] Started Apply Kernel Variables.
[[0;32m  OK  [0m] Started Load/Save Random Seed.
[[0;32m  OK  [0m] Started Monitoring of LVM2 mirrors,...ng dmeventd or progress polling.
[[0;32m  OK  [0m] Started udev Coldplug all Devices.
[[0;32m  OK  [0m] Started Flush Journal to Persistent Storage.
         Starting udev Kernel Device Manager...
[[0;32m  OK  [0m] Started udev Kernel Device Manager.
[[0;32m  OK  [0m] Started Dispatch Password Requests to Console Directory Watch.
[[0;32m  OK  [0m] Reached target Local File Systems (Pre).
[[0;32m  OK  [0m] Reached target Local File Systems.
         Starting Create Volatile Files and Directories...
         Starting Set console font and keymap...
         Starting Tell Plymouth To Write Out Runtime Data...
         Starting Commit a transient machine-id on disk...
         Starting LSB: AppArmor initialization...
[[0;32m  OK  [0m] Started Create Volatile Files and Directories.
[[0;32m  OK  [0m] Started Tell Plymouth To Write Out Runtime Data.
[[0;32m  OK  [0m] Started Commit a transient machine-id on disk.
[[0;32m  OK  [0m] Found device /dev/ttyS0.
[[0;32m  OK  [0m] Reached target System Time Synchronized.
         Starting Update UTMP about System Boot/Shutdown...
[[0;32m  OK  [0m] Started Update UTMP about System Boot/Shutdown.
[[0;32m  OK  [0m] Listening on Load/Save RF Kill Switch Status /dev/rfkill Watch.
[   29.756649] cloud-init[465]: Cloud-init v. 17.1 running 'init-local' at Fri, 02 Feb 2018 06:26:57 +0000. Up 29.16 seconds.
[[0;32m  OK  [0m] Started Initial cloud-init job (pre-networking).
[[0;32m  OK  [0m] Reached target Network (Pre).
[[0;32m  OK  [0m] Started LSB: AppArmor initialization.
         Starting Raise network interfaces...
[[0;32m  OK  [0m] Started Set console font and keymap.
[[0;32m  OK  [0m] Created slice system-getty.slice.
[[0;32m  OK  [0m] Started Raise network interfaces.
         Starting Initial cloud-init job (metadata service crawler)...
[[0;32m  OK  [0m] Reached target Network.
[   33.216596] cloud-init[964]: Cloud-init v. 17.1 running 'init' at Fri, 02 Feb 2018 06:27:01 +0000. Up 32.53 seconds.
[   33.290125] cloud-init[964]: ci-info: ++++++++++++++++++++++++++++++++++++++Net device info++++++++++++++++++++++++++++++++++++++
[   33.318487] cloud-init[964]: ci-info: +--------+-------+----------------------------+---------------+-------+-------------------+
[[0;32m  OK  [0m] Started Initial cloud-init job (metadata service crawler).
[   33.328834] [cloud-init[0;32m  OK  [0m[964]: ] ci-info: | Device |   Up  |          Address           |      Mask     | Scope |     Hw-Address    |Reached target System Initialization.

[[0;32m  OK  [0m] Listening on ACPID Listen Socket.
[   33.343015] cloud-init[964]: ci-info: +--------+-------+----------------------------+---------------+-------+-------------------+
[   33.415362] [cloud-init[0;32m  OK  [0m[964]: ] ci-info: | enp0s3 |  True |         10.0.2.15          | 255.255.255.0 |   .   | 02:1f:2a:60:99:e3 |Started ACPI Events Check.

[   33.481366] [[0;32m  OK  [0m] Reached target Paths.
[[0;32m  OK  [0m] Listening on D-Bus System Message Bus Socket.
cloud-init[964]: [[0;32m  OK  [0m] Listening on UUID daemon activation socket.
ci-info: | enp0s3 |  True | fe80::1f:2aff:fe60:99e3/64 |       .       |  link | 02:1f:2a:60:99:e3 |         Starting LXD - unix socket.
[[0;32m  OK  [0m] Started Daily Cleanup of Temporary Directories.
         Starting Socket activation for snappy daemon.

[   33.494683] [cloud-init[0;32m  OK  [0m[964]: ] ci-info: | enp0s8 | False |             .              |       .       |   .   | 08:00:27:b5:13:97 |Started Timer to automatically refresh installed snaps.

[[0;32m  OK  [0m] Reached target Cloud-config availability.
[[0;32m  OK  [0m] Reached target Network is Online.
[   33.495166] cloud-init[964]: ci-info: |   lo   |  True |         127.0.0.1          |   255.0.0.0   |   .   |         .         |
[   33.581365] cloud-init[964]: ci-info: |   lo   |  True |          ::1/128           |       .       |  host |         .         |
         Starting iSCSI initiator daemon (iscsid)...
[[0;32m  OK  [0m] Started Daily apt download activities.
[   33.610539] [cloud-init[0;32m  OK  [0m[964]: ] ci-info: +--------+-------+----------------------------+---------------+-------+-------------------+Started Daily apt upgrade and clean activities.

[   33.704796] [cloud-init[0;32m  OK  [0m[964]: ] ci-info: +++++++++++++++++++++++++++Route IPv4 info++++++++++++++++++++++++++++Reached target Timers.

[   33.705373] cloud-init[964]: ci-info: +-------+-------------+----------+---------------+-----------+-------+
[   33.722241] [cloud-init[0;32m  OK  [0m[964]: ] ci-info: | Route | Destination | Gateway  |    Genmask    | Interface | Flags |Listening on LXD - unix socket.

[[0;32m  OK  [0m] Listening on Socket activation for snappy daemon.
[   33.722878] cloud-init[964]: ci-info: +-------+-------------+----------+---------------+-----------+-------+
[   33.785926] [[0;32m  OK  [0m] Reached target Sockets.
[[0;32m  OK  [0m] Reached target Basic System.
cloud-init[964]: ci-info: |   0   |   0.0.0.0   | 10.0.2.2 |    0.0.0.0    |   enp0s3  |   UG  |
[   33.795400] cloud-init[964]: ci-info: |   1   |   10.0.2.0  | 0.0.0.0  | 255.255.255.0 |   enp0s3  |   U   |
[   33.818311] cloud-init[964]: ci-info: +-------+-------------+----------+---------------+-----------+-------+
[   33.860009] cloud-init[964]: Generating public/private rsa key pair.
[   33.860499] cloud-init[964]: Your identification has been saved in /etc/ssh/ssh_host_rsa_key.
[   33.860595] cloud-init[964]: Your public key has been saved in /etc/ssh/ssh_host_rsa_key.pub.
[   33.860689] cloud-init[964]: The key fingerprint is:
[   33.860778] cloud-init[964]: SHA256:H+onzbSlhZOhMagZ8EmsjI75KyO30dlrFDjzqzylKh0 root@ubuntu-xenial
[   33.860876] cloud-init[964]: The key's randomart image is:
         Starting LXD - container startup/shutdown...
[   33.860966] cloud-init[964]: +---[RSA 2048]----+
[   34.012363] [cloud-init[0;32m  OK  [0m[964]: ] |   .             |Started FUSE filesystem for LXC.

[   34.060292]          cloud-initStarting Pollinate to seed the pseudo random number generator...[964]: 
|  . o            |
[   34.090570] [cloud-init[0;32m  OK  [0m[964]: ] | o = o .         |Started D-Bus System Message Bus.

         Starting Accounts Service...
[   34.117272]          cloud-initStarting LSB: Record successful boot for GRUB...[964]: 
|. o B o o .      |
[   34.168427] [cloud-init[0;32m  OK  [0m[964]: ] |o.   B .S+.+     |Started Regular background program processing daemon.

[   34.169004] cloud-init[964]: |o.E.oo+ .o=.o    |
[   34.224278]          cloud-initStarting Snappy daemon...[964]: 
| o..o+...+.*     |
[   34.256433]          cloud-initStarting System Logging Service...[964]: 
|= +oo oo. *      |
         Starting Apply the settings specified in cloud-config...
[   34.271574] cloud-init[964]: |.=++o+. .o       |
         Starting LSB: MD monitoring daemon...
[   34.369893] cloud-init[964]: +----[SHA256]-----+
[   34.372072] cloud-init[964]: Generating public/private dsa key pair.
[[0;32m  OK  [0m] Started Unattended Upgrades Shutdown.
[   34.372566] cloud-init[964]: Your identification has been saved in /etc/ssh/ssh_host_dsa_key.
         [   34.420863] cloud-init[964]: Your public key has been saved in /etc/ssh/ssh_host_dsa_key.pub.
[   34.421302] cloud-initStarting Login Service...[964]: The key fingerprint is:

[   34.422249] cloud-init[964]: SHA256:Cb/E1NI1VjLB4rf8ruX1gDysLOiIes5ZLdpS0RqLltc root@ubuntu-xenial
[   34.530999] cloud-init[964]: The key's randomart image is:
[   34.531346] cloud-init[964]: +---[DSA 1024]----+
[[0;32m  OK  [0m] Started Deferred execution scheduler.
[   34.531453] cloud-init[964]: |           .Bo.  |
[   34.661473] cloud-init[964]: |         o.o.+   |
[   34.663513] cloud-init[964]: |     .. o.o.     |
[   34.672768] cloud-init[964]: |    o .= o. .    |
[   34.692421] cloud-init[964]: |   o *  S  o .   |
[   34.692760] cloud-init[964]: |  + =.E. . oo.   |
[   34.693639] cloud-init[964]: | . oo ...   =.o .|
[   34.693752] cloud-init[964]: | .o* o. .. . +.o.|
[   34.693863] cloud-init[964]: |.+*.o..  .o .oo .|
[   34.693968] cloud-init[964]: +----[SHA256]-----+
[   34.694071] cloud-init[964]: Generating public/private ecdsa key pair.
[   34.694210] cloud-init[964]: Your identification has been saved in /etc/ssh/ssh_host_ecdsa_key.
[   34.694315] cloud-init[964]: Your public key has been saved in /etc/ssh/ssh_host_ecdsa_key.pub.
[   34.694417] cloud-init[964]: The key fingerprint is:
[   34.694644] cloud-init[964]: SHA256:WwRX8X94PWE7cC+YrcD1YwVE8vao0HdfDOV0I7vsC/Q root@ubuntu-xenial
[   34.694751] cloud-init[964]: The key's randomart image is:
[   34.694888] cloud-init[964]: +---[ECDSA 256]---+
[   34.695006] cloud-init[964]: |        . ..+=+.+|
[   34.695106] cloud-init[964]: |         o   +o=o|
[   34.695209] cloud-init[964]: |          . .o=+o|
[   34.695315] cloud-init[964]: |         o o.*=O=|
[   34.695421] cloud-init[964]: |        S =.+oX+@|
[   34.695523] cloud-init[964]: |         o.oo= =*|
[   34.695625] cloud-init[964]: |        .  .oE  .|
[   34.695790] cloud-init[964]: |            . .  |
[   34.695898] cloud-init[964]: |             .   |
[   34.696001] cloud-init[964]: +----[SHA256]-----+
[   34.696101] cloud-init[964]: Generating public/private ed25519 key pair.
[   34.696212] cloud-init[964]: Your identification has been saved in /etc/ssh/ssh_host_ed25519_key.
[   34.696374] cloud-init[964]: Your public key has been saved in /etc/ssh/ssh_host_ed25519_key.pub.
[   34.696440] cloud-init[964]: The key fingerprint is:
[   34.696500] cloud-init[964]: SHA256:839/qJsJixcRYT0zi27YCDdwbQXP/Ggk0V8zc6kx+mA root@ubuntu-xenial
[   34.696561] cloud-init[964]: The key's randomart image is:
[   34.696621] cloud-init[964]: +--[ED25519 256]--+
[   34.696681] cloud-init[964]: |         .=*.   .|
[   34.696741] cloud-init[964]: |      . ..+=*o =o|
[   34.696799] cloud-init[964]: |       o ..o**+.=|
[   34.696861] cloud-init[964]: |      . o oE.+.  |
[   34.696919] cloud-init[964]: |       oS*..= .  |
[   34.696980] cloud-init[964]: |        oo=. .   |
[   34.697044] cloud-init[964]: |         .o.   . |
[   34.697105] cloud-init[964]: |         ..+ oo .|
[   34.697166] cloud-init[964]: |        ... *+ .o|
[   34.697224] cloud-init[964]: +----[SHA256]-----+
[[0;32m  OK  [0m] Started ACPI event daemon.
[   34.867556] cloud-init[1132]: Generating locales (this might take a while)...
         Starting /etc/rc.local Compatibility...
[[0;32m  OK  [0m] Started System Logging Service.
[[0;32m  OK  [0m] Started Snappy daemon.
[[0;32m  OK  [0m] Started iSCSI initiator daemon (iscsid).
[[0;32m  OK  [0m] Started LXD - container startup/shutdown.
[[0;32m  OK  [0m] Started Pollinate to seed the pseudo random number generator.
[[0;32m  OK  [0m] Started /etc/rc.local Compatibility.
[[0;32m  OK  [0m] Started LSB: Record successful boot for GRUB.
[[0;32m  OK  [0m] Started LSB: MD monitoring daemon.
[[0;32m  OK  [0m] Started Login Service.
         Starting Authenticate and Authorize Users to Run Privileged Tasks...
         Starting OpenBSD Secure Shell server...
         Starting Login to default iSCSI targets...
[[0;32m  OK  [0m] Started Authenticate and Authorize Users to Run Privileged Tasks.
[[0;32m  OK  [0m] Started Accounts Service.
[[0;32m  OK  [0m] Started OpenBSD Secure Shell server.
[[0;32m  OK  [0m] Started Login to default iSCSI targets.
[[0;32m  OK  [0m] Reached target Remote File Systems (Pre).
[[0;32m  OK  [0m] Reached target Remote File Systems.
         Starting LSB: Set the CPU Frequency Scaling governor to "ondemand"...
[   36.210982] cloud-init[1132]:   en_US.UTF-8... done
         [   36.259452] Starting LSB: automatic crash report generation...cloud-init
[1132]: Generation complete.
         Starting LSB: daemon to balance interrupts for SMP systems...
         Starting Permit User Sessions...
         Starting LSB: VirtualBox Linux Additions...
[[0;32m  OK  [0m] Started Permit User Sessions.
[[0;32m  OK  [0m] Started LSB: Set the CPU Frequency Scaling governor to "ondemand".
[[0;32m  OK  [0m] Started LSB: automatic crash report generation.
[[0;32m  OK  [0m] Started LSB: daemon to balance interrupts for SMP systems.
         Starting Terminate Plymouth Boot Screen...
         Starting Hold until boot process finishes up...
[[0;32m  OK  [0m] Started Terminate Plymouth Boot Screen.
[[0;32m  OK  [0m] Started Hold until boot process finishes up.
[[0;32m  OK  [0m] Started LSB: VirtualBox Linux Additions.
[   36.891898] cloud-init[1132]: Cloud-init v. 17.1 running 'modules:config' at Fri, 02 Feb 2018 06:27:03 +0000. Up 34.64 seconds.
         Starting Set console scheme...
[[0;32m  OK  [0m] Started Serial Getty on ttyS0.
[[0;32m  OK  [0m] Started Getty on tty1.
[[0;32m  OK  [0m] Reached target Login Prompts.
[[0;32m  OK  [0m] Reached target Multi-User System.
[[0;32m  OK  [0m] Reached target Graphical Interface.
         Starting Update UTMP about System Runlevel Changes...
[[0;32m  OK  [0m] Started Apply the settings specified in cloud-config.
[[0;32m  OK  [0m] Started Set console scheme.
[[0;32m  OK  [0m] Started Update UTMP about System Runlevel Changes.
         Starting Execute cloud user/final scripts...
ci-info: no authorized ssh keys fingerprints found for user ubuntu.
<14>Feb  2 06:27:06 ec2: 
<14>Feb  2 06:27:06 ec2: #############################################################
<14>Feb  2 06:27:06 ec2: -----BEGIN SSH HOST KEY FINGERPRINTS-----
<14>Feb  2 06:27:06 ec2: 1024 SHA256:Cb/E1NI1VjLB4rf8ruX1gDysLOiIes5ZLdpS0RqLltc root@ubuntu-xenial (DSA)
<14>Feb  2 06:27:06 ec2: 256 SHA256:WwRX8X94PWE7cC+YrcD1YwVE8vao0HdfDOV0I7vsC/Q root@ubuntu-xenial (ECDSA)
<14>Feb  2 06:27:06 ec2: 256 SHA256:839/qJsJixcRYT0zi27YCDdwbQXP/Ggk0V8zc6kx+mA root@ubuntu-xenial (ED25519)
<14>Feb  2 06:27:06 ec2: 2048 SHA256:H+onzbSlhZOhMagZ8EmsjI75KyO30dlrFDjzqzylKh0 root@ubuntu-xenial (RSA)
<14>Feb  2 06:27:06 ec2: -----END SSH HOST KEY FINGERPRINTS-----
<14>Feb  2 06:27:06 ec2: #############################################################
-----BEGIN SSH HOST KEY KEYS-----
ecdsa-sha2-nistp256 AAAAE2VjZHNhLXNoYTItbmlzdHAyNTYAAAAIbmlzdHAyNTYAAABBBFlrTXYoaOwNsUlroryrgfhf0GoEolzDLnC6zW+1tPIAkyt3HVVKsz6ui2CkuFQxmJdfnnjccf24Aiz/bgRjG6s= root@ubuntu-xenial
ssh-ed25519 AAAAC3NzaC1lZDI1NTE5AAAAICy3UHAIg9u+EFINJXuW56gKMPA8ytwRVEQ+sJcIYQEn root@ubuntu-xenial
ssh-rsa AAAAB3NzaC1yc2EAAAADAQABAAABAQDIVSXMoMsHsBgKBmEOvOA9/d1CZmncKxALA+KB0qYECxXHNpq7tDZQKQvEDisPXYsF8sFR7KxpJttMU0S/Z36rsPcuceDYvqkKi7QsQZTD8L1GWTW9IU8aOrzn8BsNgZ7D2uGkaGx6fszUYYej/XKUE0hmfhsjfucU5DSj5fNureQv8o/doxR+cBK2+E5dbHa6zyrJKUnZnPFWxIfIF0mpRpUVNy3qmR04AN6zWlgfrtrKwfeIcPtGGFbinSpztvY+B1JxrR6qABC73Rg/JFF2lsIuMlYITeJNTMt3m5V6VIIGvIvltdy4JRsuYpbn78z/Jz+1tL9Y+16l6ZIO6qdR root@ubuntu-xenial
-----END SSH HOST KEY KEYS-----
[   38.293146] cloud-init[1326]: Cloud-init v. 17.1 running 'modules:final' at Fri, 02 Feb 2018 06:27:06 +0000. Up 37.77 seconds.
[[0;32m  OK  [0m] Started Execute cloud user/final scripts.
[   38.376526] cloud-init[1326]: ci-info: no authorized ssh keys fingerprints found for user ubuntu.
[   38.424310] [cloud-init[0;32m  OK  [0m[1326]: ] Cloud-init v. 17.1 finished at Fri, 02 Feb 2018 06:27:07 +0000. Datasource DataSourceNoCloud [seed=/dev/sdb][dsmode=net].  Up 38.27 secondsReached target Cloud-init target.


Ubuntu 16.04.3 LTS ubuntu-xenial ttyS0

ubuntu-xenial login: 