[    0.000000] Iniializing cgroup subsys cpuset
[    0.00000] italizngcgou sbsys cpu[   .00000 Itilizing grp sbsys cpucc
[  0.00000Lix verson4..012-generic (uid@cy01-amd64-08)(gcc version 5.4.0 20160609 (Ubuntu 5.4.0-6ubuntu1~16.04.9) ) #148-Ubuntu SMP Wed May 2 13:00:18 UTC 2018 (Ubuntu 4.4.0-124.148-generic 4.4.117)
[    0.000000] Command line: BOOT_IMAGE=/boot/vmlinuz-4.4.0-124-generic root=LABEL=cloudimg-rootfs ro console=tty1 console=ttyS0
[    0.000000] KERNEL supported cpus:
[    0.000000]   Intel GenuineIntel
[    0.000000]   AMD AuthenticAMD
[    0.000000]   Centaur CentaurHaus
[    0.000000] x86/fpu: xstate_offset[2]:  576, xstate_sizes[2]:  256
[   0.000000] x86/fpu: Supporting XSAVE feature 0x01: 'x87 floating point registers'
[    0.000000] x86/fpu: Supporting XSAVE feature 0x02: 'SSE registers'
[    0.000000] x86/fpu: Supporting XSAVE feature 0x04: 'AVX registers'
[    0.000000] x86/fpu: Enabled xstate features 0x7, context size is 832 bytes, using 'standard' format.
[    0.000000] x86/fpu: Using 'lazy' FPU context switches.
[    0.000000] e820: BIOS-provided physical RAM map:
[    0.000000] BIOS-e820: [mem 0x0000000000000000-0x000000000009fbff] usable
[   .000000] BIS-e820: [mem 0x000000000009fc00-0x000000000009ffff] reserved
[    0.000000] BIOS-e820: [mem 0x00000000000f0000-0x00000000000fffff] reserved
[    0.000000] BIOS-e820: [mem 0x0000000000100000-0x000000003ffeffff] usable
[    0.000000] BIOS-e820: [mem 0x000000003fff0000-0x000000003fffffff] ACPI data
[    0.000000] BIOS-e820: [mem 0x00000000fec00000-0x00000000fec00fff] reserved
[    0.000000] BIOS-e820: [mem 0x00000000fee00000-0x00000000fee00fff] reserved
[    0.000000] BIOS-e820: [mem 0x00000000fffc0000-0x00000000ffffffff] reserved
[    0.000000] NX (Execute Disable) protection: active
[    0.000000] SMBIOS 2.5 present.
[    0.000000] Hypervisor detected: KVM
[    0.000000] e820: last_pfn = 0x3fff0 max_arch_pfn = 0x400000000
[    0.000000] MTRR: Disabled
[    0.000000] x86/PAT: MTRRs disabled, skipping PAT initialization too.
[    0.000000] CPU MTRRs all blank - virtualized system.
[    0.000000] x86/PAT: Configuration [0-7]: WB  WT  UC- UC  WB  WT  UC- UC  
[    0.000000] found SMP MP-table at [mem 0x0009fff0-0x0009ffff] mapped at [ffff88000009fff0]
[    0.000000] Scanning 1 areas for low memory corruption
[    0.000000] RAMDISK: [mem 0x36aa0000-0x37547fff]
[    0.000000] ACPI: Early table checksum verification disabled
[    0.000000] ACPI: RSDP 0x00000000000E0000 000024 (v02 VBOX  )
[    0.000000] ACPI: XSDT 0x000000003FFF0030 00003C (v01 VBOX   VBOXXSDT 00000001 ASL  00000061)
[    0.000000] ACPI: FACP 0x000000003FFF00F0 0000F4 (v04 VBOX   VBOXFACP 00000001 ASL  00000061)
[    0.000000] ACPI: DSDT 0x000000003FFF0470 0021FF (v02 VBOX   VBOXBIOS 00000002 INTL 20100528)
[    0.000000] ACPI: FACS 0x000000003FFF0200 000040
[    0.000000] ACPI: FACS 0x000000003FFF0200 000040
[    0.000000] ACPI: APIC 0x000000003FFF0240 00005C (v02 VBOX   VBOXAPIC 00000001 ASL  00000061)
[    0.000000] ACPI: SSDT 0x000000003FFF02A0 0001CC (v01 VBOX   VBOXCPUT 00000002 INTL 20100528)
[    0.000000] No NUMA configuration found
[    0.000000] Faking a node at [mem 0x0000000000000000-0x000000003ffeffff]
[    0.000000] NODE_DATA(0) allocated [mem 0x3ffeb000-0x3ffeffff]
[    0.000000] kvm-clock: Using msrs 4b564d01 and 4b564d00
[    0.000000] kvm-clock: cpu 0, msr 0:3ffe3001, primary cpu clock
[    0.000000] kvm-clock: using sched offset of 4988200347 cycles
[    0.000000] clocksource: kvm-clock: mask: 0xffffffffffffffff max_cycles: 0x1cd42e4dffb, max_idle_ns: 8811590591483 ns
[    0.000000] Zone ranges:
[    0.000000]   DMA      [mem 0x0000000000001000-0x0000000000ffffff]
[    0.000000]   DMA32    [mem 0x0000000001000000-0x000000003ffeffff]
[    0.000000]   Normal   empty
[    0.000000]   Device   empty
[    0.000000] Movable zone start for each node
[    0.000000] Early memory node ranges
[    0.000000]   node   0: [mem 0x0000000000001000-0x000000000009efff]
[    0.000000]   node   0: [mem 0x0000000000100000-0x000000003ffeffff]
[    0.000000] Initmem setup node 0 [mem 0x0000000000001000-0x000000003ffeffff]
[    0.000000] ACPI: PM-Timer IO Port: 0x4008
[    0.000000] IOAPIC[0]: apic_id 2, version 32, address 0xfec00000, GSI 0-23
[    0.000000] ACPI: INT_SRC_OVR (bus 0 bus_irq 0 global_irq 2 dfl dfl)
[    0.000000] ACPI: INT_SRC_OVR (bus 0 bus_irq 9 global_irq 9 low level)
[    0.000000] Using ACPI (MADT) for SMP configuration information
[    0.000000] smpboot: Allowing 2 CPUs, 0 hotplug CPUs
[    0.000000] PM: Registered nosave memory: [mem 0x00000000-0x00000fff]
[    0.000000] PM: Registered nosave memory: [mem 0x0009f000-0x0009ffff]
[    0.000000] PM: Registered nosave memory: [mem 0x000a0000-0x000effff]
[    0.000000] PM: Registered nosave memory: [mem 0x000f0000-0x000fffff]
[    0.000000] e820: [mem 0x40000000-0xfebfffff] available for PCI devices
[    0.000000] Booting paravirtualized kernel on KVM
[    0.000000] clocksource: refined-jiffies: mask: 0xffffffff max_cycles: 0xffffffff, max_idle_ns: 7645519600211568 ns
[    0.000000] setup_percpu: NR_CPUS:512 nr_cpumask_bits:512 nr_cpu_ids:2 nr_node_ids:1
[    0.000000] PERCPU: Embedded 34 pages/cpu @ffff88003fc00000 s99544 r8192 d31528 u1048576
[    0.000000] PV qspinlock hash table entries: 256 (order: 0, 4096 bytes)
[    0.000000] Built 1 zonelists in Node order, mobility grouping on.  Total pages: 257912
[    0.000000] Policy zone: DMA32
[    0.000000] Kernel command line: BOOT_IMAGE=/boot/vmlinuz-4.4.0-124-generic root=LABEL=cloudimg-rootfs ro console=tty1 console=ttyS0
[    0.000000] PID hash table entries: 4096 (order: 3, 32768 bytes)
[    0.000000] Memory: 1001612K/1048120K available (8532K kernel code, 1313K rwdata, 3996K rodata, 1508K init, 1316K bss, 46508K reserved, 0K cma-reserved)
[    0.000000] SLUB: HWalign=64, Order=0-3, MinObjects=0, CPUs=2, Nodes=1
[    0.000000] Kernel/User page tables isolation: enabled
[    0.000000] Hierarchical RCU implementation.
[    0.000000] 	Build-time adjustment of leaf fanout to 64.
[    0.000000] 	RCU restricting CPUs from NR_CPUS=512 to nr_cpu_ids=2.
[    0.000000] RCU: Adjusting geometry for rcu_fanout_leaf=64, nr_cpu_ids=2
[    0.000000] NR_IRQS:33024 nr_irqs:440 16
[    0.000000] Console: colour VGA+ 80x25
[    0.000000] console [tty1] enabled
[    0.000000] console [ttyS0] enabled
[    0.000000] tsc: Detected 2903.998 MHz processor
[    0.802430] Calibrating delay loop (skipped) preset value.. 5807.99 BogoMIPS (lpj=11615992)
[    0.933582] pid_max: default: 32768 minimum: 301
[    1.007550] ACPI: Core revision 20150930
[    1.092451] ACPI: 2 ACPI AML tables successfully acquired and loaded
[    1.186815] Security Framework initialized
[    1.251536] Yama: becoming mindful.
[    1.266790] AppArmor: AppArmor initialized
[    1.273721] Dentry cache hash table entries: 131072 (order: 8, 1048576 bytes)
[    1.276877] Inode-cache hash table entries: 65536 (order: 7, 524288 bytes)
[    1.283903] Mount-cache hash table entries: 2048 (order: 2, 16384 bytes)
[    1.387112] Mountpoint-cache hash table entries: 2048 (order: 2, 16384 bytes)
[    1.507850] Initializing cgroup subsys io
[    1.583048] Initializing cgroup subsys memory
[    1.653757] Initializing cgroup subsys devices
[    1.699021] Initializing cgroup subsys freezer
[    1.703565] Initializing cgroup subsys net_cls
[    1.706641] Initializing cgroup subsys perf_event
[    1.714789] Initializing cgroup subsys net_prio
[    1.716283] Initializing cgroup subsys hugetlb
[    1.717636] Initializing cgroup subsys pids
[    1.719052] CPU: Physical Processor ID: 0
[    1.720393] CPU: Processor Core ID: 0
[    1.721607] FEATURE SPEC_CTRL Not Present
[    1.723868] mce: CPU supports 0 MCE banks
[    1.725352] Last level iTLB entries: 4KB 64, 2MB 8, 4MB 8
[    1.732613] Last level dTLB entries: 4KB 64, 2MB 0, 4MB 0, 1GB 4
[    1.738513] Spectre V2 mitigation: Mitigation: Full generic retpoline
[    1.779016] Spectre V2 mitigation: Speculation control IBPB not-supported IBRS not-supported
[    1.911411] Spectre V2 mitigation: Filling RSB on context switch
[    2.024693] Freeing SMP alternatives memory: 32K
[    2.101846] ftrace: allocating 32202 entries in 126 pages
[    2.243438] smpboot: APIC(0) Converting physical 0 to logical package 0
[    2.314793] smpboot: Max logical packages: 1
[    2.379702] x2apic enabled
[    2.423621] Switched APIC routing to physical x2apic.
[    2.472286] ..TIMER: vector=0x30 apic1=0 pin1=2 apic2=-1 pin2=-1
[    2.694633] smpboot: CPU0: Intel(R) Core(TM) i7-7820HQ CPU @ 2.90GHz (family: 0x6, model: 0x9e, stepping: 0x9)
[    2.810861] Performance Events: unsupported p6 CPU model 158 no PMU driver, software events only.
[    2.820963] KVM setup paravirtual spinlock
[    2.823032] x86: Booting SMP configuration:
[    2.824373] .... node  #0, CPUs:      #1
[    2.825731] kvm-clock: cpu 1, msr 0:3ffe3041, secondary cpu clock
[    2.830864] mce: CPU supports 0 MCE banks
[    2.835172] x86: Booted up 1 node, 2 CPUs
[    2.839238] smpboot: Total of 2 processors activated (11615.99 BogoMIPS)
[    2.842192] devtmpfs: initialized
[    2.845093] evm: security.selinux
[    2.847362] evm: security.SMACK64
[    2.851467] evm: security.SMACK64EXEC
[    2.858920] evm: security.SMACK64TRANSMUTE
[    2.860220] evm: security.SMACK64MMAP
[    2.861081] evm: security.ima
[    2.870060] evm: security.capability
[    2.933188] clocksource: jiffies: mask: 0xffffffff max_cycles: 0xffffffff, max_idle_ns: 7645041785100000 ns
[    3.047814] futex hash table entries: 512 (order: 3, 32768 bytes)
[    3.108332] pinctrl core: initialized pinctrl subsystem
[    3.179466] RTC time:  4:45:27, date: 05/18/18
[    3.223235] NET: Registered protocol family 16
[    3.287575] cpuidle: using governor ladder
[    3.351696] cpuidle: using governor menu
[    3.407228] PCCT header not found.
[    3.445700] ACPI: bus type PCI registered
[    3.503317] acpiphp: ACPI Hot Plug PCI Controller Driver version: 0.5
[    3.572653] PCI: Using configuration type 1 for base access
[    3.657212] ACPI: Added _OSI(Module Device)
[    3.705754] ACPI: Added _OSI(Processor Device)
[    3.755010] ACPI: Added _OSI(3.0 _SCP Extensions)
[    3.805280] ACPI: Added _OSI(Processor Aggregator Device)
[    3.871080] ACPI: Executed 1 blocks of module-level executable AML code
[    3.906863] ACPI: Interpreter enabled
[    3.908352] ACPI: (supports S0 S5)
[    3.909653] ACPI: Using IOAPIC for interrupt routing
[    3.915054] PCI: Using host bridge windows from ACPI; if necessary, use "pci=nocrs" and report a bug
[    3.925829] ACPI: PCI Root Bridge [PCI0] (domain 0000 [bus 00-ff])
[    3.927782] acpi PNP0A03:00: _OSC: OS supports [ASPM ClockPM Segments MSI]
[    3.936535] acpi PNP0A03:00: _OSC: not requesting OS control; OS requires [ExtendedConfig ASPM ClockPM MSI]
[    3.943622] acpi PNP0A03:00: fail to add MMCONFIG information, can't access extended PCI configuration space under this bridge.
[    3.947373] PCI host bridge to bus 0000:00
[    3.950206] pci_bus 0000:00: root bus resource [io  0x0000-0x0cf7 window]
[    3.952344] pci_bus 0000:00: root bus resource [io  0x0d00-0xffff window]
[    3.954369] pci_bus 0000:00: root bus resource [mem 0x000a0000-0x000bffff window]
[    3.956709] pci_bus 0000:00: root bus resource [mem 0x40000000-0xfdffffff window]
[    3.958781] pci_bus 0000:00: root bus resource [bus 00-ff]
[    3.962482] pci 0000:00:01.1: legacy IDE quirk: reg 0x10: [io  0x01f0-0x01f7]
[    4.053620] pci 0000:00:01.1: legacy IDE quirk: reg 0x14: [io  0x03f6]
[    4.150413] pci 0000:00:01.1: legacy IDE quirk: reg 0x18: [io  0x0170-0x0177]
[    4.216312] pci 0000:00:01.1: legacy IDE quirk: reg 0x1c: [io  0x0376]
[    4.318935] pci 0000:00:07.0: quirk: [io  0x4000-0x403f] claimed by PIIX4 ACPI
[    4.398990] pci 0000:00:07.0: quirk: [io  0x4100-0x410f] claimed by PIIX4 SMB
[    4.494284] ACPI: PCI Interrupt Link [LNKA] (IRQs 5 9 10 *11)
[    4.547015] ACPI: PCI Interrupt Link [LNKB] (IRQs 5 9 *10 11)
[    4.613055] ACPI: PCI Interrupt Link [LNKC] (IRQs 5 *9 10 11)
[    4.684485] ACPI: PCI Interrupt Link [LNKD] (IRQs 5 9 10 *11)
[    4.762701] ACPI: Enabled 2 GPEs in block 00 to 07
[    4.816075] vgaarb: setting as boot device: PCI:0000:00:02.0
[    4.889751] vgaarb: device added: PCI:0000:00:02.0,decodes=io+mem,owns=io+mem,locks=none
[    4.987765] vgaarb: loaded
[    5.001308] vgaarb: bridge control possible 0000:00:02.0
[    5.012962] SCSI subsystem initialized
[    5.016493] ACPI: bus type USB registered
[    5.017737] usbcore: registered new interface driver usbfs
[    5.019463] usbcore: registered new interface driver hub
[    5.021382] usbcore: registered new device driver usb
[    5.026115] PCI: Using ACPI for IRQ routing
[    5.029014] NetLabel: Initializing
[    5.030086] NetLabel:  domain hash size = 128
[    5.032401] NetLabel:  protocols = UNLABELED CIPSOv4
[    5.035032] NetLabel:  unlabeled traffic allowed by default
[    5.036831] amd_nb: Cannot enumerate AMD northbridges
[    5.038446] clocksource: Switched to clocksource kvm-clock
[    5.049188] AppArmor: AppArmor Filesystem Enabled
[    5.050901] pnp: PnP ACPI init
[    5.053096] pnp: PnP ACPI: found 3 devices
[    0623 cocsorc ai_: as: xffff ax_cyces 0ffff, axide_: 0870024 ns
[    5.765438] NET: Registered protocol family 2

[    5.766834] TCP established hash table entries: 8192 (order: 4, 65536 bytes)
[    5.768605] TCP bind hash table entries: 8192 (order: 5, 131072 bytes)
[    5.770196] TCP: Hash tables configured (established 8192 bind 8192)
[    5.771719] UDP hash table entries: 512 (order: 2, 16384 bytes)
[    5.773121] UDP-Lite hash table entries: 512 (order: 2, 16384 bytes)
[    5.774617] NET: Registered protocol family 1
[    5.775713] pci 0000:00:00.0: Limiting direct PCI/PCI transfers
[    5.777067] pci 0000:00:01.0: Activating ISA DMA hang workarounds
[    5.778637] Unpacking initramfs...
[    7.147950] Freeing initrd memory: 10912K
[    7.194394] platform rtc_cmos: registered platform RTC device (no PNP device found)
[    7.223618] Scanning for low memory corruption every 60 seconds
[    7.232071] audit: initializing netlink subsys (disabled)
[    7.233774] audit: type=2000 audit(1526618733.245:1): initialized
[    7.235849] Initialise system trusted keyring
[    7.237691] HugeTLB registered 2 MB page size, pre-allocated 0 pages
[    7.244501] zbud: loaded
[    7.245743] VFS: Disk quotas dquot_6.6.0
[    7.247087] VFS: Dquot-cache hash table entries: 512 (order 0, 4096 bytes)
[    7.253652] squashfs: version 4.0 (2009/01/31) Phillip Lougher
[    7.255812] fuse init (API version 7.23)
[    7.257302] Key type big_key registered
[    7.258440] Allocating IMA MOK and blacklist keyrings.
[    7.262217] Key type asymmetric registered
[    7.263585] Asymmetric key parser 'x509' registered
[    7.265181] Block layer SCSI generic (bsg) driver version 0.4 loaded (major 249)
[    7.267808] io scheduler noop registered
[    7.269106] io scheduler deadline registered (default)
[    7.271888] io scheduler cfq registered
[    7.273251] pci_hotplug: PCI Hot Plug PCI Core version: 0.5
[    7.274460] pciehp: PCI Express Hot Plug Controller Driver version: 0.4
[    7.276171] ACPI: AC Adapter [AC] (off-line)
[    7.277289] input: Power Button as /devices/LNXSYSTM:00/LNXPWRBN:00/input/input0
[    7.279081] ACPI: Power Button [PWRF]
[    7.312859] input: Sleep Button as /devices/LNXSYSTM:00/LNXSLPBN:00/input/input1
[    7.414252] ACPI: Sleep Button [SLPF]
[    7.474380] GHES: HEST is not enabled!
[    7.475441] ACPI: Battery Slot [BAT0] (battery present)
[    7.603059] Serial: 8250/16550 driver,2 ors,IR sarg nale
   7.938976] 0:0: ty0  IO x38 ir =4,ba_baud = 11500) is a 16550A
[    8.308] scReind SCclckoue alibration: 2904.043 Mz
[    8.755279] clocksource: tsc: mask: 0xffffffffffffffff max_cycles: 0x29dc2e1bb97, max_idle_ns: 440795237653 ns
[    8.756183] Linux agpgart interface v0.103
[    8.848703] loop: module loaded
[    8.934880] scsi host0: ata_piix
[    9.013987] scsi host1: ata_piix
[    9.094208] ata1: PATA max UDMA/33 cmd 0x1f0 ctl 0x3f6 bmdma 0xd000 irq 14
[    9.270184] ata2: PATA max UDMA/33 cmd 0x170 ctl 0x376 bmdma 0xd008 irq 15
[    9.405205] libphy: Fixed MDIO Bus: probed
[    9.413347] tun: Universal TUN/TAP device driver, 1.6
[    9.424797] tun: (C) 1999-2004 Max Krasnyansky <maxk@qualcomm.com>
[    9.432532] PPP generic driver version 2.4.2
[    9.439582] ehci_hcd: USB 2.0 'Enhanced' Host Controller (EHCI) Driver
[    9.441543] ehci-pci: EHCI PCI platform driver
[    9.448985] ehci-platform: EHCI generic platform driver
[    9.450635] ohci_hcd: USB 1.1 'Open' Host Controller (OHCI) Driver
[    9.452388] ohci-pci: OHCI PCI platform driver
[    9.453846] ohci-platform: OHCI generic platform driver
[    9.458385] uhci_hcd: USB Universal Host Controller Interface driver
[    9.461489] i8042: PNP: PS/2 Controller [PNP0303:PS2K,PNP0f03:PS2M] at 0x60,0x64 irq 1,12
[    9.465819] serio: i8042 KBD port at 0x60,0x64 irq 1
[    9.467414] serio: i8042 AUX port at 0x60,0x64 irq 12
[    9.469045] mousedev: PS/2 mouse device common for all mice
[    9.471144] rtc_cmos rtc_cmos: rtc core: registered rtc_cmos as rtc0
[    9.474743] rtc_cmos rtc_cmos: alarms up to one day, 114 bytes nvram
[    9.476204] i2c /dev entries driver
[    9.477130] input: AT Translated Set 2 keyboard as /devices/platform/i8042/serio0/input/input2
[    9.479217] device-mapper: uevent: version 1.0.3
[    9.526206] device-mapper: ioctl: 4.34.0-ioctl (2015-10-28) initialised: dm-devel@redhat.com
[    9.687858] ledtrig-cpu: registered to indicate activity on CPUs
[    9.847915] NET: Registered prttocol family 10
[   10.034538] NET: Registered protocol family 17
[   10.199624] Key type dns_resolver registered
[   10.360738] registered taskstats version 1
[   10.433874] Loading compiled-in X.509 certificates
[   10.436002] Loaded X.509 cert 'Build time autogenerated kernel key: 97a7db5071cab428e7f67f96f51ed8d32b3fc527'
[   10.438376] zswap: loaded using pool lzo/zbud
[   10.447773] Key type trusted registered
[   10.464359] Key type encrypted registered
[   10.465448] AppArmor: AppArmor sha1 policy hashing enabled
[   10.466831] ima: No TPM chip found, activating TPM-bypass!
[   10.468217] evm: HMAC attrs: 0x1
[   10.469625]   Magic number: 2:5:768
[   10.471837] rtc_cmos rtc_cmos: setting system clock to 2018-05-18 04:45:34 UTC (1526618734)
[   10.474617] BIOS EDD facility v0.16 2004-Jun-25, 0 devices found
[   10.476208] EDD information not available.
[   10.478452] Freeing unused kernel memory: 1508K
[   10.479919] Write protecting the kernel read-only data: 14336k
[   10.481981] Freeing unused kernel memory: 1696K
[   10.483425] Freeing unused kernel memory: 100K
Loading, please wait...
starting version 229
[   10.497360] random: systemd-udevd: uninitialized urandom read (16 bytes read, 7 bits of entropy available)
[   10.498163] random: udevadm: uninitialized urandom read (16 bytes read, 7 bits of entropy available)
[   10.498180] random: udevadm: uninitialized urandom read (16 bytes read, 7 bits of entropy available)
[   10.507670] random: udevadm: uninitialized urandom read (16 bytes read, 7 bits of entropy available)
[   10.507726] random: udevadm: uninitialized urandom read (16 bytes read, 7 bits of entropy available)
[   10.507855] random: udevadm: uninitialized urandom read (16 bytes read, 7 bits of entropy available)
[   10.507915] random: udevadm: uninitialized urandom read (16 bytes read, 7 bits of entropy available)
[   10.507953] random: udevadm: uninitialized urandom read (16 bytes read, 7 bits of entropy available)
[   10.508027] random: udevadm: uninitialized urandom read (16 bytes read, 7 bits of entropy available)
[   10.508064] random: udevadm: uninitialized urandom read (16 bytes read, 7 bits of entropy available)
[   10.593936] e1000: Intel(R) PRO/1000 Network Driver - version 7.3.21-k8-NAPI
[   10.611174] e1000: Copyright (c) 1999-2006 Intel Corporation.
[   10.620096] Fusion MPT base driver 3.04.20
[   10.621631] Copyright (c) 1999-2008 LSI Corporation
[   10.648689] AVX2 version of gcm_enc/dec engaged.
[   10.650649] AES CTR mode by8 optimization enabled
[   10.657769] Fusion MPT SPI Host driver 3.04.20
[   10.847681] input: ImExPS/2 Generic Explorer Mouse as /devices/platform/i8042/serio1/input/input4
[   11.025045] e1000 0000:00:03.0 eth0: (PCI:33MHz:32-bit) 02:ee:24:bb:8a:f6
[   11.083719] e1000 0000:00:03.0 eth0: Intel(R) PRO/1000 Network Connection
[   11.175048] e1000 0000:00:03.0 enp0s3: renamed from eth0
[   11.306692] mptbase: ioc0: Initiating bringup
[   11.386669] ioc0: LSI53C1030 A0: Capabilities={Initiator}
[   11.548401] scsi host2: ioc0: LSI53C1030 A0, FwRev=00000000h, Ports=1, MaxQ=256, IRQ=20
[   11.659006] scsi 2:0:0:0: Direct-Access     VBOX     HARDDISK         1.0  PQ: 0 ANSI: 5
[   11.661900] scsi target2:0:0: Beginning Domain Validation
[   11.668114] scsi target2:0:0: Domain Validation skipping write tests
[   11.670259] scsi target2:0:0: Ending Domain Validation
[   11.672032] scsi target2:0:0: asynchronous
[   11.676571] scsi 2:0:1:0: Direct-Access     VBOX     HARDDISK         1.0  PQ: 0 ANSI: 5
[   11.680950] scsi target2:0:1: Beginning Domain Validation
[   12.321468] scsi target2:0:1: Domain Validation skipping write tests
[   13.372905] scsi target2:0:1: Ending Domain Validation
[   13.455447] scsi target2:0:1: asynchronous
[   13.520636] sd 2:0:0:0: Attached scsi generic sg0 type 0
[   13.595573] sd 2:0:1:0: Attached scsi generic sg1 type 0
[   13.595688] sd 2:0:0:0: [sda] 20971520 512-byte logical blocks: (10.7 GB/10.0 GiB)
[   13.775327] sd 2:0:1:0: [sdb] 20480 512-byte logical blocks: (10.5 MB/10.0 MiB)
[   13.848550] sd 2:0:1:0: [sdb] Write Protect is off
[   13.848572] sd 2:0:0:0: [sda] Write Protect is off
[   13.862812] sd 2:0:0:0: [sda] Incomplete mode parameter data
[   13.862986] sd 2:0:1:0: [sdb] Incomplete mode parameter data
[   13.862987] sd 2:0:1:0: [sdb] Assuming drive cache: write through
[   13.864948] sd 2:0:1:0: [sdb] Attached SCSI disk
[   13.873980] sd 2:0:0:0: [sda] Assuming drive cache: write through
[   13.886228]  sda: sda1
[   13.888468] sd 2:0:0:0: [sda] Attached SCSI disk
Begin: Loading e[   15.169769] md: linear personality registered for level -1
ssential drivers[   15.242631] md: multipath personality registered for level -4
 ... [   15.333253] md: raid0 personality registered for level 0
[   15.408974] md: raid1 personality registered for level 1
[   15.542477] raid6: sse2x1   gen() 12912 MB/s
[   15.626736] raid6: sse2x1   xor()  9096 MB/s
[   15.746762] raid6: sse2x2   gen() 15492 MB/s
[   15.862751] raid6: sse2x2   xor() 10876 MB/s
[   15.982461] raid6: sse2x4   gen() 17724 MB/s
[   16.090533] raid6: sse2x4   xor() 10145 MB/s
[   16.162685] raid6: avx2x1   gen() 22892 MB/s
[   16.278693] raid6: avx2x2   gen() 29163 MB/s
[   16.394695] raid6: avx2x4   gen() 32326 MB/s
[   16.457098] raid6: using algorithm avx2x4 gen() 32326 MB/s
[   16.480485] raid6: using avx2x2 recovery algorithm
[   16.500096] xor: automatically using best checksumming function:
[   16.558726]    avx       : 22782.000 MB/sec
[   16.674413] async_tx: api initialized (async)
[   16.832204] md: raid6 personality registered for level 6
[   17.013891] md: raid5 personality registered for level 5
[   17.070524] md: raid4 personality registered for level 4
[   17.157774] md: raid10 personality registered for level 10
done.
Begin: Running /scripts/init-premount ... done.
Begin: Mounting root file system ... Begin: Running /scripts/local-top ... done.
Begin: Running /scripts/local-premount ... [   17.207347] Btrfs loaded
Scanning for Btrfs filesystems
done.
Warning: fsck not present, so sk[   17.261095] EXT4-fs (sda1): mounted filesystem with ordered data mode. Opts: (null)
ipping root file system
done.
Begin: Running /scripts/local-bottom ... done.
Begin: Running /scripts/init-bottom ... done.
[   17.424363] systemd[1]: systemd 229 running in system mode. (+PAM +AUDIT +SELINUX +IMA +APPARMOR +SMACK +SYSVINIT +UTMP +LIBCRYPTSETUP +GCRYPT +GNUTLS +ACL +XZ -LZ4 +SECCOMP +BLKID +ELFUTILS +KMOD -IDN)
[   17.464639] systemd[1]: Detected virtualization oracle.
[   17.604307] systemd[1]: Detected architecture x86-64.

Welcome to [1mUbuntu 16.04.4 LTS[0m!

[   17.752644] systemd[1]: Set hostname to <ubuntu>.
[   17.834684] systemd[1]: Initializing machine ID from random generator.
[   17.964641] systemd[1]: Installed transient /etc/machine-id file.
[   18.279403] systemd[1]: Listening on udev Kernel Socket.
[[0;32m  OK  [0m] Listening on udev Kernel Socket.
[   18.283013] systemd[1]: Reached target User and Group Name Lookups.
[[0;32m  OK  [0m] Reached target User and Group Name Lookups.
[   18.288239] systemd[1]: Listening on Device-mapper event daemon FIFOs.
[[0;32m  OK  [0m] Listening on Device-mapper event daemon FIFOs.
[   18.294467] systemd[1]: Listening on LVM2 metadata daemon socket.
[[0;32m  OK  [0m] Listening on LVM2 metadata daemon socket.
[   18.299470] systemd[1]: Listening on Journal Audit Socket.
[[0;32m  OK  [0m] Listening on Journal Audit Socket.
[   18.308647] systemd[1]: Listening on /dev/initctl Compatibility Named Pipe.
[[0;32m  OK  [0m] Listening on /dev/initctl Compatibility Named Pipe.
[   18.316426] systemd[1]: Listening on Syslog Socket.
[[0;32m  OK  [0m] Listening on Syslog Socket.
[   18.319955] systemd[1]: Listening on Journal Socket.
[[0;32m  OK  [0m] Listening on Journal Socket.
[   18.323470] systemd[1]: Set up automount Arbitrary Executable File Formats File System Automount Point.
[[0;32m  OK  [0m] Set up automount Arbitrary Executab...ats File System Automount Point.
[   18.330097] systemd[1]: Started Forward Password Requests to Wall Directory Watch.
[[0;32m  OK  [0m] Started Forward Password Requests to Wall Directory Watch.
[   18.334999] systemd[1]: Reached target Encrypted Volumes.
[[0;32m  OK  [0m] Reached target Encrypted Volumes.
[   18.343444] systemd[1]: Listening on LVM2 poll daemon soceet.
[[0;32m  OK  [0m] Listening on LVM2 poll daemon socket.
[   18.523962] systemd[1]: Created slice System Slice.
[[0;32m  OK  [0m] Created slice System Slice.
[   18.727534] systemd[1]: Starting Remount Root and Kernel File Systems...
[   18.737111] EXT4-fs (sda1): re-mounted. Opts: (null)
[   18.900310] random: nonblocking pool is initialized
         Starting Remount Root and Kernel File Systems...
[   19.343150] systemd[1]: Starting Load Kernel Modules...
[   19.368338]Loading iSCSI transport cass v2.0-870.

         Starting Load Kernel Modules...
[   19.431590] systemd[1]: Starting Nameserver information manager...
         Starting Nameserver information manager...
[   19.438803] systemd[1]: Mounting Huge Pages File System...
[   19.535428] iscsi: registre tanpot tc)
         Mounting Huge Pages File System...
[   19.783186] systemd[1]: Created slice system-serial\x2dgetty.slice.
[[0;32m  OK  [0m] Created slice[   19.876951] iscsi: registered transport (iser)
 system-serial\x2dgetty.slice.
[   19.995269] systemd[1]: Starting Monitoring of LVM2 mirrors, snapshots etc. using dmeventd or progress polling...
         Starting Monitoring of LVM2 mirrors... dmeventd or progress polling...
[   20.331415] systemd[1]: Mounting POSIX Message Queue File System...
         Mounting POSIX Message Queue File System...
[   20.475408] systemd[1]: Mounting Debug File System...
         Mounting Debug File System...
[   20.506702] systemd[1]: Starting Uncomplicated firewall...
         Starting Uncomplicated firewall...
[   20.518820] systemd[1]: Started Trigger resolvconf update for networkd DNS.
[[0;32m  OK  [0m] Started Trigger resolvconf update for networkd DNS.
[   20.529121] systemd[1]: Created slice User and Session Slice.
[[0;32m  OK  [0m] Created slice User and Session Slice.
[   20.533825] systemd[1]: Reached target Slices.
[[0;32m  OK  [0m] Reached target Slices.
[   20.536441] systemd[1]: Listening on udev Control Socket.
[[0;32m  OK  [0m] Listening on udev Control Socket.
[   20.539001] systemd[1]: Reached target System Time Synchronized.
[[0;32m  OK  [0m] Reached target System Time Synchronized.
[   20.555765] systemd[1]: Listening on Journal Socket (/dev/log).
[[0;32m  OK  [0m] Listening on Journal Socket (/dev/log).
[   20.683694] systemd[1]: Reached target Swap.
[[0;32m  OK  [0m] Reached target Swap.
[   20.795131] systemd[1]: Starting Set console keymap...
         Starting Set console keymap...
[   20.947495] systemd[1]: Starting Journal Service...
         Starting Journal Service...
[   21.123344] systemd[1]: Starting Create list of required static device nodes for the current kernel...
         Starting Create list of required st... nodes for the current kernel...
[   21.364594] systemd[1]: Mounted POSIX Message Queue File System.
[[0;32m  OK  [0m] Mounted POSIX Message Queue File System.
[   21.527608] systemd[1]: Mounted Debug File System.
[[0;32m  OK  [0m] Mounted Debug File System.
[   21.585713] systemd[1]: Mounted Huge Pages File System.
[[0;32m  OK  [0m] Mounted Huge Pages File System.
[   21.589053] systemd[1]: Started Journal Service.
[[0;32m  OK  [0m] Started Journal Service.
[[0;32m  OK  [0m] Started Remount Root and Kernel File Systems.
[[0;32m  OK  [0m] Started Load Kernel Modules.
[[0;32m  OK  [0m] Started Uncomplicated firewall.
[[0;32m  OK  [0m] Started Set console keymap.
[[0;32m  OK  [0m] Started Create list of required sta...ce nodes for the current kernel.
[[0;32m  OK  [0m] Started Nameserver information manager.
[[0;32m  OK  [0m] Started LVM2 metadata daemon.
         Starting Create Static Device Nodes in /dev...
         Starting Apply Kernel Variables...
         Mounting FUSE Control File System...
         Starting Load/Save Random Seed...
         Starting Initial cloud-init job (pre-networking)...
         Starting udev Coldplug all Devices...
         Starting Flush Journal to Persistent Storage...
[[0;32m  OK  [0m] Mounted FUSE Control File System.
[[0;32m  OK  [0m] Started Create Static Device Nodes in /dev.
[[0;32m  OK  [0m] Started Apply Kernel Variables.
[[0;32m  OK  [0m] Started Load/Save Random Seed.
[[0;32m  OK  [0m] Started udev Coldplug all Devices.
[[0;32m  OK  [0m] Started Flush Journal to Persistent Storage.
         Starting udev Kernel Device Manager...
[[0;32m  OK  [0m] Started udev Kernel Device Manager.
[[0;32m  OK  [0m] Started Dispatch Password Requests to Console Directory Watch.
[[0;32m  OK  [0m] Started Monitoring of LVM2 mirrors,...ng dmeventd or progress polling.
[[0;32m  OK  [0m] Reached target Local File Systems (Pre).
[[0;32m  OK  [0m] Reached target Local File Systems.
         Starting Set console font and keymap...
         Starting LSB: AppArmor initialization...
         Starting Create Volatile Files and Directories...
         Starting Tell Plymouth To Write Out Runtime Data...
         Starting Commit a transient machine-id on disk...
[[0;32m  OK  [0m] Started Create Volatile Files and Directories.
[[0;32m  OK  [0m] Started Tell Plymouth To Write Out Runtime Data.
[[0;32m  OK  [0m] Started Commit a transient machine-id on disk.
[[0;32m  OK  [0m] Found device /dev/ttyS0.
[   18.256928] cloud-init[446]: Cloud-init v. 18.2 running 'init-local' at Fri, 18 May 2018 04:45:46 +0000. Up 17.96 seconds.
[[0;32m  OK  [0m] Listening on Load/Save RF Kill Switch Status /dev/rfkill Watch.
         Starting Update UTMP about System Boot/Shutdown...
[[0;32m  OK  [0m] Started Initial cloud-init job (pre-networking).
[[0;32m  OK  [0m] Reached target Network (Pre).
[[0;32m  OK  [0m] Started Update UTMP about System Boot/Shutdown.
[[0;32m  OK  [0m] Started LSB: AppArmor initialization.
[[0;32m  OK  [0m] Started Set console font and keymap.
[[0;32m  OK  [0m] Created slice system-getty.slice.
         Starting Raise network interfaces...
[[0;32m  OK  [0m] Started Raise network interfaces.
[[0;32m  OK  [0m] Reached target Network.
         Starting Initial cloud-init job (metadata service crawler)...
[   19.932013] cloud-init[917]: Cloud-init v. 18.2 running 'init' at Fri, 18 May 2018 04:45:48 +0000. Up 19.48 seconds.
[   20.000798] cloud-init[917]: ci-info: +++++++++++++++++++++++++++++++++++++Net device info++++++++++++++++++++++++++++++++++++++
[   20.089483] cloud-init[917]: ci-info: +--------+------+----------------------------+---------------+-------+-------------------+
[[0;32m  OK  [0m] Started Initial cloud-init job (metadata service crawler).
[   20.157207] [cloud-init[0;32m  OK  [0m[917]: ] ci-info: | Device |  Up  |          Address           |      Mask     | Scope |     Hw-Address    |Reached target Cloud-config availability.

[   20.348706] [cloud-init[0;32m  OK  [0m[917]: ] ci-info: +--------+------+----------------------------+---------------+-------+-------------------+Reached target System Initialization.

[[0;32m  OK  [0m] Started ACPI Events Check.
[   20.415988] [[0;32m  OK  [0m] Reached target Paths.
[[0;32m  OK  [0m] Listening on ACPID Listen Socket.
cloud-init[917]: ci-info: | enp0s3 | True |         10.0.2.15          | 255.255.255.0 |   .   | 02:ee:24:bb:8a:f6 |
[   20.428973] [[0;32m  OK  [0m] Started Daily Cleanup of Temporary Directories.
         Starting Socket activation for snappy daemon.
cloud-init[917]: ci-info: | enp0s3 | True | fe80::ee:24ff:febb:8af6/64 |       .       |  link | 02:ee:24:bb:8a:f6 |
[   20.449349]          Starting LXD - unix socket.
[[0;32m  OK  [0m] Listening on D-Bus System Message Bus Socket.
[[0;32m  OK  [0m] Listening on UUID daemon activation socket.
cloud-init[917]: ci-info: |   lo   | True |         127.0.0.1          |   255.0.0.0   |   .   |         .         |
[   20.465271] [[0;32m  OK  [0m] Started Daily apt download activities.
[[0;32m  OK  [0m] Started Daily apt upgrade and clean activities.
[[0;32m  OK  [0m] Reached target Timers.
cloud-init[917]: ci-info: |   lo   | True |          ::1/128           |       .       |  host |         .         |
[   20.475485] cloud-init[917]: ci-info: +--------+------+----------------------------+---------------+-------+-------------------+
[[0;32m  OK  [0m] Reached target Network is Online.
[   20.479720] cloud-init[917]: ci-info: +++++++++++++++++++++++++++Route IPv4 info++++++++++++++++++++++++++++
[   20.502311]          Starting iSCSI initiator daemon (iscsid)...
[[0;32m  OK  [0m] Listening on Socket activation for snappy daemon.
[[0;32m  OK  [0m] Listening on LXD - unix socket.
cloud-init[917]: ci-info: +-------+-------------+----------+---------------+-----------+-------+
[   20.513761] cloud-init[917]: ci-info: | Route | Destination | Gateway  |    Genmask    | Interface | Flags |
[   20.516733] cloud-init[917]: ci-info: +-------+-------------+----------+---------------+-----------+-------+
[   20.517252] cloud-init[917]: ci-info: |   0   |   0.0.0.0   | 10.0.2.2 |    0.0.0.0    |   enp0s3  |   UG  |
[   20.518022] cloud-init[917]: ci-info: |   1   |   10.0.2.0  | 0.0.0.0  | 255.255.255.0 |   enp0s3  |   U   |
[   20.518432] cloud-init[917]: ci-info: +-------+-------------+----------+---------------+-----------+-------+
[   20.518732] cloud-init[917]: Generating public/private rsa key pair.
[   20.519150] cloud-init[917]: Your identification has been saved in /etc/ssh/ssh_host_rsa_key.
[[0;32m  OK  [0m] Reached target Sockets.
[   20.519459] cloud-init[917]: Your public key has been saved in /etc/ssh/ssh_host_rsa_key.pub.
[[0;32m  OK  [0m] Reached target Basic System.
[   20.519489] cloud-init[917]: The key fingerprint is:
[   20.544270] cloud-init[917]: SHA256:ZHfoXijmYVZl2oWz42cUsRE2NUn2xnBKdcuhCek5CyQ root@ubuntu-xenial
[   20.546517] cloud-init[917]: The key's randomart image is:
[   20.548176] cloud-init[917]: +---[RSA 2048]----+
[   20.549655] cloud-init[917]: |           .+.@X*|
[   20.551151] cloud-init[917]: |       E . B++*X*|
         Starting System Logging Service...
[   20.553645]          Starting LSB: MD monitoring daemon...
[[0;32m  OK  [0m] Started FUSE filesystem for LXC.
cloud-init[917]: |        = * +=o++|
         Starting LXD - container startup/shutdown...
         Starting Virtualbox guest utils...
[[0;32m  OK  [0m] Started D-Bus System Message Bus.
[   20.557521] cloud-init[917]: |       o = *o .. |
[   20.573075] cloud-init[917]: |        S +.+o   |
[   20.588198] cloud-init[917]: |       = + o. o  |
[   20.590559] cloud-init[917]: |        . .  o   |
[   20.592611] cloud-init[917]: |                 |
[   20.597707] cloud-init[917]: |                 |
[   20.600254] cloud-init[917]: +----[SHA256]-----+
[   20.604526] cloud-init[917]: Generating public/private dsa key pair.
[   20.606980] cloud-init[917]: Your identification has been saved in /etc/ssh/ssh_host_dsa_key.
[   20.609630] cloud-init[917]: Your public key has been saved in /etc/ssh/ssh_host_dsa_key.pub.
[   20.612438] [[0;32m  OK  [0m] Started Regular background program processing daemon.
         Starting Accounts Service...
cloud-init         Starting Snappy daemon...
         Starting Pollinate to seed the pseudo random number generator...
[917]: The key fingerprint is:
[   20.630317] [[0;32m  OK  [0m] Started Deferred execution scheduler.
cloud-init[917]: SHA256:QRh93jDk23+NSlXXx9N4ofTqSV9OygjGX7Oey9jNY/w root@ubuntu-xenial         Starting LSB: Record successful boot for GRUB...
[[0;32m  OK  [0m] Started Unattended Upgrades Shutdown.
         Starting Login Service...
         Starting /etc/rc.local Compatibility...
[[0;32m  OK  [0m] Started ACPI event daemon.
         Starting Apply the settings specified in cloud-config...
[[0;32m  OK  [0m] Started System Logging Service.
[[0;32m  OK  [0m] Started iSCSI initiator daemon (iscsid).
[[0;32m  OK  [0m] Started /etc/rc.local Compatibility.

[[0;32m  OK  [0m] Started LSB: MD monitoring daemon.
[[0;32m  OK  [0m] Started LXD - container startup/shutdown.
[[0;32m  OK  [0m] Started Virtualbox guest utils.
[   20.695831] cloud-init[917]: The key's randomart image is:
[[0;32m  OK  [0m] Started Login Service.
[[0;32m  OK  [0m] Started Snappy daemon.
[[0;32m  OK  [0m] Started LSB: Record successful boot for GRUB.
[   20.767191] cloud-init[917]: +---[DSA 1024]----+
[   20.824276] cloud-init[917]: |      .+...  . . |
[   20.825554] cloud-init[917]: |      ....+ . oo+|
[   20.826789] cloud-init[917]: |        .o.+ ..oO|
         Starting Authenticate and Authorize Users to Run Privileged Tasks...
[   20.854464] cloud-init[917]: |         o.o. .o+|
[   20.956451] cloud-init[917]: |        S = .o+ o|
[   20.989324]          cloud-initStarting Login to default iSCSI targets...[917]: 
|         . oo*oBo|
[   21.045113] [[0;32m  OK  [0m] Started Authenticate and Authorize Users to Run Privileged Tasks.
[[0;32m  OK  [0m] Started Accounts Service.
cloud-init[917]: |            +oB.+|
[   21.050501] cloud-init[917]: |           . * O |
[   21.052281] cloud-init[917]: |            o B.E|
[   21.053992] cloud-init[917]: +----[SHA256]-----+
[   21.055818] cloud-init[917]: Generating public/private ecdsa key pair.
[   21.071058] cloud-init[917]: Your identification has been saved in /etc/ssh/ssh_host_ecdsa_key.
[   21.082129] [cloud-init[0;32m  OK  [0m[917]: ] Your public key has been saved in /etc/ssh/ssh_host_ecdsa_key.pub.Started Login to default iSCSI targets.

[[0;32m  OK  [0m] Reached target Remote File Systems (Pre).
[   21.187103] cloud-init[917]: The key fingerprint is:
[   21.205955] cloud-init[917]: SHA256:SaBDLuELgizXlVLmBukH4jUEKCvIjj/RdNztOzT5e0g root@ubuntu-xenial
[   21.206514] cloud-init[917]: The key's randomart image is:
[   21.206549] cloud-init[917]: +---[ECDSA 256]---+
[   21.206583] cloud-init[917]: | .oo+o=.         |
[   21.206610] cloud-init[917]: |=..=**..         |
[   21.206638] cloud-init[917]: |O+++==o...       |
[   21.206665] cloud-init[917]: |*+.ooo+....      |
[   21.206692] cloud-init[917]: |+ .o o  S. .     |
[   21.206719] cloud-init[917]: |... .     = E    |
[   21.206745] cloud-init[917]: | . .     . = .   |
[   21.206800] cloud-init[917]: |  o       o o .  |
[   21.206830] cloud-init[917]: |   .       ..o   |
[   21.206856] cloud-init[917]: +----[SHA256]-----+
[   21.206883] cloud-init[917]: Generating public/private ed25519 key pair.
[   21.206909] cloud-init[917]: Your identification has been saved in /etc/ssh/ssh_host_ed25519_key.
[   21.206939] cloud-init[917]: Your public key has been saved in /etc/ssh/ssh_host_ed25519_key.pub.
[   21.206967] cloud-init[917]: The key fingerprint is:
[   21.206995] cloud-init[917]: SHA256:JG/+DIF838LOwww7luisa9q3WfRT9KckcmnKfZYPr+Q root@ubuntu-xenial
[   21.207023] cloud-init[917]: The key's randomart image is:
[   21.207053] cloud-init[917]: +--[ED25519 256]--+
[   21.207144] cloud-init[917]: |                 |
[   21.207214] cloud-init[917]: |                 |
[   21.207261] cloud-init[917]: |      . .   .    |
[   21.207296] cloud-init[917]: |     . =   . o   |
[   21.207334] cloud-init[917]: |      o S . * o .|
[   21.207368] cloud-init[917]: |       =.* O o + |
[   21.207409] cloud-init[917]: |       .+*O o B  |
[   21.207441] cloud-init[917]: |   ...oo=*+o = + |
[   21.207470] cloud-init[917]: |  .o+==o .=.  E.o|
[   21.207500] cloud-init[917]: +----[SHA256]-----+
[[0;32m  OK  [0m] Reached target Remote File Systems.
[   21.215751] cloud-init[1070]: Generating locales (this might take a while)...
         Starting Permit User Sessions...
         Starting LSB: daemon to balance interrupts for SMP systems...
         Starting LSB: automatic crash report generation...
         Starting LSB: Set the CPU Frequency Scaling governor to "ondemand"...
[[0;32m  OK  [0m] Started Permit User Sessions.
         Starting Hold until boot process finishes up...
         Starting Terminate Plymouth Boot Screen...
[[0;32m  OK  [0m] Started LSB: daemon to balance interrupts for SMP systems.
[[0;32m  OK  [0m] Started LSB: automatic crash report generation.
[[0;32m  OK  [0m] Started LSB: Set the CPU Frequency Scaling governor to "ondemand".
[[0;32m  OK  [0m] Started Hold until boot process finishes up.
[[0;32m  OK  [0m] Started Terminate Plymouth Boot Screen.
         Starting Set console scheme...
[[0;32m  OK  [0m] Started Getty on tty1.
[[0;32m  OK  [0m] Started Serial Getty on ttyS0.
[[0;32m  OK  [0m] Reached target Login Prompts.
[[0;32m  OK  [0m] Started Set console scheme.
[[0;32m  OK  [0m] Started Pollinate to seed the pseudo random number generator.
         Starting OpenBSD Secure Shell server...
[[0;32m  OK  [0m] Started OpenBSD Secure Shell server.
[[0;32m  OK  [0m] Reached target Multi-User System.
[[0;32m  OK  [0m] Reached target Graphical Interface.
[   21.947929] cloud-init[1070]:   en_US.UTF-8... done
         Starting Update UTMP about System Runlevel Changes...
[   21.965752] cloud-init[1070]: Generation complete.
[[0;32m  OK  [0m] Started Update UTMP about System Runlevel Changes.
[[0;32m  OK  [0m] Created slice User Slice of vagrant.
         Starting User Manager for UID 1000...
[[0;32m  OK  [0m] Started User Manager for UID 1000.
[   22.236275] cloud-init[1070]: Cloud-init v. 18.2 running 'modules:config' at Fri, 18 May 2018 04:45:49 +0000. Up 20.94 seconds.
[[0;32m  OK  [0m] Started Session 1 of user vagrant.
[[0;32m  OK  [0m] Started Apply the settings specified in cloud-config.
         Starting Execute cloud user/final scripts...
ci-info: no authorized ssh keys fingerprints found for user ubuntu.
<14>May 18 04:45:51 ec2: 
<14>May 18 04:45:51 ec2: #############################################################
<14>May 18 04:45:51 ec2: -----BEGIN SSH HOST KEY FINGERPRINTS-----
<14>May 18 04:45:51 ec2: 1024 SHA256:QRh93jDk23+NSlXXx9N4ofTqSV9OygjGX7Oey9jNY/w root@ubuntu-xenial (DSA)
<14>May 18 04:45:51 ec2: 256 SHA256:SaBDLuELgizXlVLmBukH4jUEKCvIjj/RdNztOzT5e0g root@ubuntu-xenial (ECDSA)
<14>May 18 04:45:51 ec2: 256 SHA256:JG/+DIF838LOwww7luisa9q3WfRT9KckcmnKfZYPr+Q root@ubuntu-xenial (ED25519)
<14>May 18 04:45:51 ec2: 2048 SHA256:ZHfoXijmYVZl2oWz42cUsRE2NUn2xnBKdcuhCek5CyQ root@ubuntu-xenial (RSA)
<14>May 18 04:45:51 ec2: -----END SSH HOST KEY FINGERPRINTS-----
<14>May 18 04:45:51 ec2: #############################################################
-----BEGIN SSH HOST KEY KEYS-----
ecdsa-sha2-nistp256 AAAAE2VjZHNhLXNoYTItbmlzdHAyNTYAAAAIbmlzdHAyNTYAAABBBHyB+mxezNyBjsOshvWsFpwn/0fi9I5mGRONzQzXZvrcX8+V1hkjAwudlbDMKPd8mX256P3zcUHetHK2h6Ae55Q= root@ubuntu-xenial
ssh-ed25519 AAAAC3NzaC1lZDI1NTE5AAAAIK8QuLti5InqfGKoKvhn0VPLJGqRw5n9vWxEWvXZfAlH root@ubuntu-xenial
ssh-rsa AAAAB3NzaC1yc2EAAAADAQABAAABAQDQhn4SHGkpLf+6/Rcfz9OaWmHh0xem8gOdtPSkcssidXcYYmx3fmE/nsKe+WMTf7IlmIF2O5Gm5qdqshRVweUXyAb6KuideFkh5l0eKkvqGCJbMjtbS0LHZvoaSXiMRGN9772NJMA4yc+RgM9/lUPzCM3cUMwtcFZ1ENmPipeecV05Ef+nUbBU43PU3BtRoKJfB0w8Kso9oZfRNDtvSTZykmmD3/VWvevzQDbdW4NJTDVh24pREbz5WFGyILzukNf+hidWY6wWE8t6Nro4E+iw1lgsLJe0xaIHkAoNVPTtnl/r1/zPRCLIE2RmpJPimQp4I+0n00kE5kv14xhAXtmh root@ubuntu-xenial
-----END SSH HOST KEY KEYS-----
[   23.408843] cloud-init[1298]: Cloud-init v. 18.2 running 'modules:final' at Fri, 18 May 2018 04:45:51 +0000. Up 22.66 seconds.
[   23.424919] cloud-init[1298]: ci-info: no authorized ssh keys fingerprints found for user ubuntu.
[   23.431077] cloud-init[1298]: Cloud-init v. 18.2 finished at Fri, 18 May 2018 04:45:51 +0000. Datasource DataSourceNoCloud [seed=/dev/sdb][dsmode=net].  Up 23.39 seconds
[[0;32m  OK  [0m] Started Execute cloud user/final scripts.
[[0;32m  OK  [0m] Reached target Cloud-init target.

Ubuntu 16.04.4 LTS ubuntu-xenial ttyS0

ubuntu-xenial login:          Stopping Authenticate and Authorize Users to Run Privileged Tasks...
[[0;32m  [[0;32m  OK  [0m] Unmounted /var/lib/lxcfs.
[[0;32m  OK  [0m] Stopped System Logging Service.
[[0;32m  OK  [0m] Stopped Regular background program processing daemon.
[[0;32m  OK  [0m] Stopped Accounts Service.
[[0;32m  OK  [0m] Stopped Snappy daemon.
[[0;32m  OK  [0m] Stopped Deferred execution scheduler.
[[0;32m  OK  [0m] Stopped Authenticate and Authorize Users to Run Privileged Tasks.
[[0;32m  OK  [0m] Stopped ACPI event daemon.
[[0;32m  OK  [0m] Stopped Getty on tty1.
[[0;32m  OK  [0m] Stopped Serial Getty on ttyS0.
[[0;32m  OK  [0m] Stopped OpenBSD Secure Shell server.
[[0;32m  OK  [0m] Stopped User Manager for UID 1000.
[[0;32m  OK  [0m] Stopped Session 5 of user vagrant.
[[0;32m  OK  [0m] Stopped Unattended Upgrades Shutdown.
[[0;32m  OK  [0m] Stopped D-Bus System Message Bus.
[[0;32m  OK  [0m] Stopped FUSE filesystem for LXC.
[[0;32m  OK  [0m] Stopped Virtualbox guest utils.
[[0;32m  OK  [0m] Stopped LSB: MD monitoring daemon.
[[0;32m  OK  [0m] Stopped LXD - container startup/shutdown.
[[0;32m  OK  [0m] Stopped LSB: daemon to balance interrupts for SMP systems.
[[0;32m  OK  [0m] Stopped LSB: Record successful boot for GRUB.
[[0;32m  OK  [0m] Stopped LSB: Set the CPU Frequency Scaling governor to "ondemand".
[[0;32m  OK  [0m] Stopped LSB: automatic crash report generation.
[[0;32m  OK  [0m] Removed slice User Slice of vagrant.
         Stopping Login Service...
[[0;32m  OK  [0m] Removed slice system-serial\x2dgetty.slice.
[[0;32m  OK  [0m] Stopped /etc/rc.local Compatibility.
         Stopping Permit User Sessions...
[[0;32m  OK  [0m] Removed slice system-getty.slice.
[[0;32m  OK  [0m] Stopped Login Service.
[[0;32m  OK  [0m] Stopped Permit User Sessions.
[[0;32m  OK  [0m] Stopped target Remote File Systems.
[[0;32m  OK  [0m] Stopped target Remote File Systems (Pre).
         Stopping Login to default iSCSI targets...
[[0;32m  OK  [0m] Stopped target Basic System.
[[0;32m  OK  [0m] Stopped target Slices.
[[0;32m  OK  [0m] Stopped target Paths.
[[0;32m  OK  [0m] Stopped ACPI Events Check.
[[0;32m  OK  [0m] Stopped Forward Password Requests to Wall Directory Watch.
[[0;32m  OK  [0m] Stopped Dispatch Password Requests to Console Directory Watch.
[[0;32m  OK  [0m] Stopped target Sockets.
[[0;32m  OK  [0m] Closed Syslog Socket.
[[0;32m  OK  [0m] Closed LXD - unix socket.
[[0;32m  OK  [0m] Closed Socket activation for snappy daemon.
[[0;32m  OK  [0m] Closed UUID daemon activation socket.
[[0;32m  OK  [0m] Closed ACPID Listen Socket.
[[0;32m  OK  [0m] Stopped target User and Group Name Lookups.
[[0;32m  OK  [0m] Removed slice User and Session Slice.
[[0;32m  OK  [0m] Closed D-Bus System Message Bus Socket.
[[0;32m  OK  [0m] Stopped target System Initialization.
[[0;32m  OK  [0m] Stopped target Encrypted Volumes.
         Stopping Load/Save Random Seed...
         Stopping Update UTMP about System Boot/Shutdown...
[[0;32m  OK  [0m] Stopped target Swap.
[[0;32m  OK  [0m] Stopped Commit a transient machine-id on disk.
[[0;32m  OK  [0m] Stopped Load/Save Random Seed.
[[0;32m  OK  [0m] Stopped Login to default iSCSI targets.
[[0;32m  OK  [0m] Stopped Update UTMP about System Boot/Shutdown.
[[0;32m  OK  [0m] Stopped Create Volatile Files and Directories.
         Stopping iSCSI initiator daemon (iscsid)...
[[0;32m  OK  [0m] Stopped iSCSI initiator daemon (iscsid).
[[0;32m  OK  [0m] Stopped target Network is Online.
[[0;32m  OK  [0m] Stopped Initial cloud-init job (metadata service crawler).
[[0;32m  OK  [0m] Stopped target Network.
         Stopping Raise network interfaces...
[[0;32m  OK  [0m] Stopped Raise network interfaces.
[[0;32m  OK  [0m] Stopped target Local File Systems.
         Unmounting /run/user/1000...
         Unmounting /vagrant...
[[0;32m  OK  [0m] Stopped Apply Kernel Variables.
[[0;32m  OK  [0m] Stopped Load Kernel Modules.
[[0;32m  OK  [0m] Stopped target Network (Pre).
[[0;32m  OK  [0m] Stopped Initial cloud-init job (pre-networking).
[[0;32m  OK  [0m] Unmounted /run/user/1000.
[[0;32m  OK  [0m] Unmounted /vagrant.
[[0;32m  OK  [0m] Reached target Unmount All Filesystems.
[[0;32m  OK  [0m] Stopped target Local File Systems (Pre).
[[0;32m  OK  [0m] Stopped Remount Root and Kernel File Systems.
[[0;32m  OK  [0m] Stopped Create Static Device Nodes in /dev.
[[0;32m  OK  [0m] Reached target Shutdown.
[  191.157557] reboot: Power down
